<?xml version="1.0" encoding="utf-8"?>
<CoverageSession>
  <Summary numSequencePoints="1032" visitedSequencePoints="972" numBranchPoints="292" visitedBranchPoints="228" sequenceCoverage="94.18" branchCoverage="78.08" maxCyclomaticComplexity="404" minCyclomaticComplexity="404" visitedClasses="84" numClasses="85" visitedMethods="153" numMethods="155" />
  <Modules>
    <Module hash="8F8ED130-F7B7-453D-ABC0-8AA26CD685AC">
      <ModulePath>MageBackend.dll</ModulePath>
      <ModuleTime>2026-06-12T09:41:22</ModuleTime>
      <ModuleName>MageBackend</ModuleName>
      <Files>
        <File uid="1" fullPath="/home/teilor/MyProjects/mage-boilerplates/auth-service-c-sharp/src/Web/Controllers/BaseApiController.cs" />
        <File uid="2" fullPath="/home/teilor/MyProjects/mage-boilerplates/auth-service-c-sharp/src/Web/Middleware/ErrorHandlerMiddleware.cs" />
        <File uid="3" fullPath="/home/teilor/MyProjects/mage-boilerplates/auth-service-c-sharp/src/Web/Middleware/JwtAuthenticationMiddleware.cs" />
        <File uid="4" fullPath="/home/teilor/MyProjects/mage-boilerplates/auth-service-c-sharp/src/Web/Middleware/RateLimitMiddleware.cs" />
        <File uid="5" fullPath="/home/teilor/MyProjects/mage-boilerplates/auth-service-c-sharp/src/Web/Middleware/RequestLoggingMiddleware.cs" />
        <File uid="6" fullPath="/home/teilor/MyProjects/mage-boilerplates/auth-service-c-sharp/src/Web/Middleware/TokenSessionValidationMiddleware.cs" />
        <File uid="7" fullPath="/home/teilor/MyProjects/mage-boilerplates/auth-service-c-sharp/src/Web/Filters/CheckPermissionAttribute.cs" />
        <File uid="8" fullPath="/home/teilor/MyProjects/mage-boilerplates/auth-service-c-sharp/src/Infrastructure/Configuration/CorsConfig.cs" />
        <File uid="9" fullPath="/home/teilor/MyProjects/mage-boilerplates/auth-service-c-sharp/src/Infrastructure/Configuration/RateLimitConfig.cs" />
        <File uid="10" fullPath="/home/teilor/MyProjects/mage-boilerplates/auth-service-c-sharp/src/Infrastructure/Auth/JwtProvider.cs" />
        <File uid="11" fullPath="/home/teilor/MyProjects/mage-boilerplates/auth-service-c-sharp/src/Infrastructure/Auth/SessionManager.cs" />
        <File uid="12" fullPath="/home/teilor/MyProjects/mage-boilerplates/auth-service-c-sharp/src/Features/Auth/AuthController.cs" />
        <File uid="13" fullPath="/home/teilor/MyProjects/mage-boilerplates/auth-service-c-sharp/src/Features/Auth/AuthDtos.cs" />
        <File uid="14" fullPath="/home/teilor/MyProjects/mage-boilerplates/auth-service-c-sharp/src/Features/Auth/AuthHelper.cs" />
        <File uid="15" fullPath="/home/teilor/MyProjects/mage-boilerplates/auth-service-c-sharp/src/Features/Auth/Queries/GetMe.cs" />
        <File uid="16" fullPath="/home/teilor/MyProjects/mage-boilerplates/auth-service-c-sharp/src/Features/Auth/Commands/ChangePassword.cs" />
        <File uid="17" fullPath="/home/teilor/MyProjects/mage-boilerplates/auth-service-c-sharp/src/Features/Auth/Commands/Login.cs" />
        <File uid="18" fullPath="/home/teilor/MyProjects/mage-boilerplates/auth-service-c-sharp/src/Features/Auth/Commands/Logout.cs" />
        <File uid="19" fullPath="/home/teilor/MyProjects/mage-boilerplates/auth-service-c-sharp/src/Features/Auth/Commands/RefreshToken.cs" />
        <File uid="20" fullPath="/home/teilor/MyProjects/mage-boilerplates/auth-service-c-sharp/src/Features/Auth/Commands/RequestPasswordReset.cs" />
        <File uid="21" fullPath="/home/teilor/MyProjects/mage-boilerplates/auth-service-c-sharp/src/Features/Auth/Commands/ValidateResetToken.cs" />
        <File uid="22" fullPath="/home/teilor/MyProjects/mage-boilerplates/auth-service-c-sharp/src/Domain/BaseEntity.cs" />
        <File uid="23" fullPath="/home/teilor/MyProjects/mage-boilerplates/auth-service-c-sharp/src/Database/ApplicationDbContext.cs" />
        <File uid="24" fullPath="/home/teilor/MyProjects/mage-boilerplates/auth-service-c-sharp/src/Database/DbInitializer.cs" />
        <File uid="25" fullPath="/home/teilor/MyProjects/mage-boilerplates/auth-service-c-sharp/src/Database/Entities.cs" />
      </Files>
      <Classes>
        <Class>
          <Summary numSequencePoints="3" visitedSequencePoints="3" numBranchPoints="0" visitedBranchPoints="0" sequenceCoverage="100" branchCoverage="100" maxCyclomaticComplexity="1" minCyclomaticComplexity="1" visitedClasses="1" numClasses="1" visitedMethods="1" numMethods="1" />
          <FullName>MageBackend.Web.BaseApiController</FullName>
          <Methods>
            <Method cyclomaticComplexity="1" nPathComplexity="1" sequenceCoverage="100" branchCoverage="100" isConstructor="False" isGetter="False" isSetter="False" isStatic="True">
              <Summary numSequencePoints="3" visitedSequencePoints="3" numBranchPoints="0" visitedBranchPoints="0" sequenceCoverage="100" branchCoverage="100" maxCyclomaticComplexity="1" minCyclomaticComplexity="1" visitedClasses="0" numClasses="0" visitedMethods="1" numMethods="1" />
              <MetadataToken />
              <Name>Microsoft.AspNetCore.Mvc.IActionResult MageBackend.Web.BaseApiController::ErrorResponse(System.String,System.Int32,System.Object)</Name>
              <FileRef uid="1" />
              <SequencePoints>
                <SequencePoint vc="1" uspid="8" ordinal="0" sl="8" sc="1" el="8" ec="2" bec="0" bev="0" fileid="1" />
                <SequencePoint vc="1" uspid="9" ordinal="1" sl="9" sc="1" el="9" ec="2" bec="0" bev="0" fileid="1" />
                <SequencePoint vc="1" uspid="10" ordinal="2" sl="10" sc="1" el="10" ec="2" bec="0" bev="0" fileid="1" />
              </SequencePoints>
              <BranchPoints />
              <MethodPoint vc="3" uspid="0" p8:type="SequencePoint" ordinal="0" offset="0" sc="0" sl="8" ec="1" el="10" bec="0" bev="0" fileid="1" xmlns:p8="xsi" />
            </Method>
          </Methods>
        </Class>
        <Class>
          <Summary numSequencePoints="7" visitedSequencePoints="7" numBranchPoints="0" visitedBranchPoints="0" sequenceCoverage="100" branchCoverage="100" maxCyclomaticComplexity="1" minCyclomaticComplexity="1" visitedClasses="1" numClasses="1" visitedMethods="3" numMethods="3" />
          <FullName>MageBackend.Web.Middleware.AppException</FullName>
          <Methods>
            <Method cyclomaticComplexity="1" nPathComplexity="1" sequenceCoverage="100" branchCoverage="100" isConstructor="False" isGetter="True" isSetter="False" isStatic="True">
              <Summary numSequencePoints="1" visitedSequencePoints="1" numBranchPoints="0" visitedBranchPoints="0" sequenceCoverage="100" branchCoverage="100" maxCyclomaticComplexity="1" minCyclomaticComplexity="1" visitedClasses="0" numClasses="0" visitedMethods="1" numMethods="1" />
              <MetadataToken />
              <Name>System.Int32 MageBackend.Web.Middleware.AppException::get_StatusCode()</Name>
              <FileRef uid="2" />
              <SequencePoints>
                <SequencePoint vc="3" uspid="15" ordinal="0" sl="15" sc="1" el="15" ec="2" bec="0" bev="0" fileid="2" />
              </SequencePoints>
              <BranchPoints />
              <MethodPoint vc="1" uspid="0" p8:type="SequencePoint" ordinal="0" offset="0" sc="0" sl="15" ec="1" el="15" bec="0" bev="0" fileid="2" xmlns:p8="xsi" />
            </Method>
            <Method cyclomaticComplexity="1" nPathComplexity="1" sequenceCoverage="100" branchCoverage="100" isConstructor="False" isGetter="True" isSetter="False" isStatic="True">
              <Summary numSequencePoints="1" visitedSequencePoints="1" numBranchPoints="0" visitedBranchPoints="0" sequenceCoverage="100" branchCoverage="100" maxCyclomaticComplexity="1" minCyclomaticComplexity="1" visitedClasses="0" numClasses="0" visitedMethods="1" numMethods="1" />
              <MetadataToken />
              <Name>System.Object MageBackend.Web.Middleware.AppException::get_Details()</Name>
              <FileRef uid="2" />
              <SequencePoints>
                <SequencePoint vc="3" uspid="16" ordinal="0" sl="16" sc="1" el="16" ec="2" bec="0" bev="0" fileid="2" />
              </SequencePoints>
              <BranchPoints />
              <MethodPoint vc="1" uspid="0" p8:type="SequencePoint" ordinal="1" offset="1" sc="0" sl="16" ec="1" el="16" bec="0" bev="0" fileid="2" xmlns:p8="xsi" />
            </Method>
            <Method cyclomaticComplexity="1" nPathComplexity="1" sequenceCoverage="100" branchCoverage="100" isConstructor="True" isGetter="False" isSetter="False" isStatic="True">
              <Summary numSequencePoints="5" visitedSequencePoints="5" numBranchPoints="0" visitedBranchPoints="0" sequenceCoverage="100" branchCoverage="100" maxCyclomaticComplexity="1" minCyclomaticComplexity="1" visitedClasses="0" numClasses="0" visitedMethods="1" numMethods="1" />
              <MetadataToken />
              <Name>System.Void MageBackend.Web.Middleware.AppException::.ctor(System.String,System.Int32,System.Object)</Name>
              <FileRef uid="2" />
              <SequencePoints>
                <SequencePoint vc="8" uspid="18" ordinal="0" sl="18" sc="1" el="18" ec="2" bec="0" bev="0" fileid="2" />
                <SequencePoint vc="8" uspid="19" ordinal="1" sl="19" sc="1" el="19" ec="2" bec="0" bev="0" fileid="2" />
                <SequencePoint vc="8" uspid="20" ordinal="2" sl="20" sc="1" el="20" ec="2" bec="0" bev="0" fileid="2" />
                <SequencePoint vc="8" uspid="21" ordinal="3" sl="21" sc="1" el="21" ec="2" bec="0" bev="0" fileid="2" />
                <SequencePoint vc="8" uspid="22" ordinal="4" sl="22" sc="1" el="22" ec="2" bec="0" bev="0" fileid="2" />
              </SequencePoints>
              <BranchPoints />
              <MethodPoint vc="5" uspid="0" p8:type="SequencePoint" ordinal="2" offset="2" sc="0" sl="18" ec="1" el="22" bec="0" bev="0" fileid="2" xmlns:p8="xsi" />
            </Method>
          </Methods>
        </Class>
        <Class>
          <Summary numSequencePoints="8" visitedSequencePoints="8" numBranchPoints="2" visitedBranchPoints="1" sequenceCoverage="100" branchCoverage="50" maxCyclomaticComplexity="2" minCyclomaticComplexity="1" visitedClasses="1" numClasses="1" visitedMethods="2" numMethods="2" />
          <FullName>MageBackend.Web.Middleware.ErrorHandlerMiddleware</FullName>
          <Methods>
            <Method cyclomaticComplexity="2" nPathComplexity="2" sequenceCoverage="100" branchCoverage="50" isConstructor="False" isGetter="False" isSetter="False" isStatic="True">
              <Summary numSequencePoints="4" visitedSequencePoints="4" numBranchPoints="2" visitedBranchPoints="1" sequenceCoverage="100" branchCoverage="50" maxCyclomaticComplexity="2" minCyclomaticComplexity="2" visitedClasses="0" numClasses="0" visitedMethods="1" numMethods="1" />
              <MetadataToken />
              <Name>System.String MageBackend.Web.Middleware.ErrorHandlerMiddleware::ConvertToCamelCase(System.String)</Name>
              <FileRef uid="2" />
              <SequencePoints>
                <SequencePoint vc="1" uspid="127" ordinal="0" sl="127" sc="1" el="127" ec="2" bec="0" bev="0" fileid="2" />
                <SequencePoint vc="1" uspid="128" ordinal="1" sl="128" sc="1" el="128" ec="2" bec="2" bev="1" fileid="2" />
                <SequencePoint vc="1" uspid="129" ordinal="2" sl="129" sc="1" el="129" ec="2" bec="0" bev="0" fileid="2" />
                <SequencePoint vc="1" uspid="130" ordinal="3" sl="130" sc="1" el="130" ec="2" bec="0" bev="0" fileid="2" />
              </SequencePoints>
              <BranchPoints>
                <BranchPoint vc="0" uspid="128" ordinal="0" path="0" offset="9" offsetend="11" sl="128" fileid="2" />
                <BranchPoint vc="1" uspid="128" ordinal="1" path="1" offset="9" offsetend="15" sl="128" fileid="2" />
              </BranchPoints>
              <MethodPoint vc="4" uspid="0" p8:type="SequencePoint" ordinal="0" offset="0" sc="0" sl="127" ec="1" el="130" bec="0" bev="0" fileid="2" xmlns:p8="xsi" />
            </Method>
            <Method cyclomaticComplexity="1" nPathComplexity="1" sequenceCoverage="100" branchCoverage="100" isConstructor="True" isGetter="False" isSetter="False" isStatic="True">
              <Summary numSequencePoints="4" visitedSequencePoints="4" numBranchPoints="0" visitedBranchPoints="0" sequenceCoverage="100" branchCoverage="100" maxCyclomaticComplexity="1" minCyclomaticComplexity="1" visitedClasses="0" numClasses="0" visitedMethods="1" numMethods="1" />
              <MetadataToken />
              <Name>System.Void MageBackend.Web.Middleware.ErrorHandlerMiddleware::.ctor(Microsoft.AspNetCore.Http.RequestDelegate)</Name>
              <FileRef uid="2" />
              <SequencePoints>
                <SequencePoint vc="8" uspid="29" ordinal="0" sl="29" sc="1" el="29" ec="2" bec="0" bev="0" fileid="2" />
                <SequencePoint vc="8" uspid="30" ordinal="1" sl="30" sc="1" el="30" ec="2" bec="0" bev="0" fileid="2" />
                <SequencePoint vc="8" uspid="31" ordinal="2" sl="31" sc="1" el="31" ec="2" bec="0" bev="0" fileid="2" />
                <SequencePoint vc="8" uspid="32" ordinal="3" sl="32" sc="1" el="32" ec="2" bec="0" bev="0" fileid="2" />
              </SequencePoints>
              <BranchPoints />
              <MethodPoint vc="4" uspid="0" p8:type="SequencePoint" ordinal="1" offset="1" sc="0" sl="29" ec="1" el="32" bec="0" bev="0" fileid="2" xmlns:p8="xsi" />
            </Method>
          </Methods>
        </Class>
        <Class>
          <Summary numSequencePoints="3" visitedSequencePoints="3" numBranchPoints="0" visitedBranchPoints="0" sequenceCoverage="100" branchCoverage="100" maxCyclomaticComplexity="1" minCyclomaticComplexity="1" visitedClasses="1" numClasses="1" visitedMethods="3" numMethods="3" />
          <FullName>MageBackend.Web.Middleware.ErrorHandlerMiddleware/&lt;&gt;c</FullName>
          <Methods>
            <Method cyclomaticComplexity="1" nPathComplexity="1" sequenceCoverage="100" branchCoverage="100" isConstructor="False" isGetter="False" isSetter="False" isStatic="True">
              <Summary numSequencePoints="1" visitedSequencePoints="1" numBranchPoints="0" visitedBranchPoints="0" sequenceCoverage="100" branchCoverage="100" maxCyclomaticComplexity="1" minCyclomaticComplexity="1" visitedClasses="0" numClasses="0" visitedMethods="1" numMethods="1" />
              <MetadataToken />
              <Name>System.String MageBackend.Web.Middleware.ErrorHandlerMiddleware/&lt;&gt;c::&lt;HandleExceptionAsync&gt;b__3_0(FluentValidation.Results.ValidationFailure)</Name>
              <FileRef uid="2" />
              <SequencePoints>
                <SequencePoint vc="1" uspid="63" ordinal="0" sl="63" sc="1" el="63" ec="2" bec="0" bev="0" fileid="2" />
              </SequencePoints>
              <BranchPoints />
              <MethodPoint vc="1" uspid="0" p8:type="SequencePoint" ordinal="0" offset="0" sc="0" sl="63" ec="1" el="63" bec="0" bev="0" fileid="2" xmlns:p8="xsi" />
            </Method>
            <Method cyclomaticComplexity="1" nPathComplexity="1" sequenceCoverage="100" branchCoverage="100" isConstructor="False" isGetter="False" isSetter="False" isStatic="True">
              <Summary numSequencePoints="1" visitedSequencePoints="1" numBranchPoints="0" visitedBranchPoints="0" sequenceCoverage="100" branchCoverage="100" maxCyclomaticComplexity="1" minCyclomaticComplexity="1" visitedClasses="0" numClasses="0" visitedMethods="1" numMethods="1" />
              <MetadataToken />
              <Name>System.String MageBackend.Web.Middleware.ErrorHandlerMiddleware/&lt;&gt;c::&lt;HandleExceptionAsync&gt;b__3_1(System.Linq.IGrouping`2&lt;System.String,FluentValidation.Results.ValidationFailure&gt;)</Name>
              <FileRef uid="2" />
              <SequencePoints>
                <SequencePoint vc="1" uspid="65" ordinal="0" sl="65" sc="1" el="65" ec="2" bec="0" bev="0" fileid="2" />
              </SequencePoints>
              <BranchPoints />
              <MethodPoint vc="1" uspid="0" p8:type="SequencePoint" ordinal="1" offset="1" sc="0" sl="65" ec="1" el="65" bec="0" bev="0" fileid="2" xmlns:p8="xsi" />
            </Method>
            <Method cyclomaticComplexity="1" nPathComplexity="1" sequenceCoverage="100" branchCoverage="100" isConstructor="False" isGetter="False" isSetter="False" isStatic="True">
              <Summary numSequencePoints="1" visitedSequencePoints="1" numBranchPoints="0" visitedBranchPoints="0" sequenceCoverage="100" branchCoverage="100" maxCyclomaticComplexity="1" minCyclomaticComplexity="1" visitedClasses="0" numClasses="0" visitedMethods="1" numMethods="1" />
              <MetadataToken />
              <Name>System.String[] MageBackend.Web.Middleware.ErrorHandlerMiddleware/&lt;&gt;c::&lt;HandleExceptionAsync&gt;b__3_2(System.Linq.IGrouping`2&lt;System.String,FluentValidation.Results.ValidationFailure&gt;)</Name>
              <FileRef uid="2" />
              <SequencePoints>
                <SequencePoint vc="2" uspid="66" ordinal="0" sl="66" sc="1" el="66" ec="2" bec="0" bev="0" fileid="2" />
              </SequencePoints>
              <BranchPoints />
              <MethodPoint vc="1" uspid="0" p8:type="SequencePoint" ordinal="2" offset="2" sc="0" sl="66" ec="1" el="66" bec="0" bev="0" fileid="2" xmlns:p8="xsi" />
            </Method>
          </Methods>
        </Class>
        <Class>
          <Summary numSequencePoints="66" visitedSequencePoints="62" numBranchPoints="18" visitedBranchPoints="16" sequenceCoverage="93.93" branchCoverage="88.88" maxCyclomaticComplexity="18" minCyclomaticComplexity="18" visitedClasses="1" numClasses="1" visitedMethods="1" numMethods="1" />
          <FullName>MageBackend.Web.Middleware.ErrorHandlerMiddleware/&lt;HandleExceptionAsync&gt;d__3</FullName>
          <Methods>
            <Method cyclomaticComplexity="18" nPathComplexity="18" sequenceCoverage="93.93" branchCoverage="88.88" isConstructor="False" isGetter="False" isSetter="False" isStatic="True">
              <Summary numSequencePoints="66" visitedSequencePoints="62" numBranchPoints="18" visitedBranchPoints="16" sequenceCoverage="93.93" branchCoverage="88.88" maxCyclomaticComplexity="18" minCyclomaticComplexity="18" visitedClasses="0" numClasses="0" visitedMethods="1" numMethods="1" />
              <MetadataToken />
              <Name>System.Void MageBackend.Web.Middleware.ErrorHandlerMiddleware/&lt;HandleExceptionAsync&gt;d__3::MoveNext()</Name>
              <FileRef uid="2" />
              <SequencePoints>
                <SequencePoint vc="6" uspid="47" ordinal="0" sl="47" sc="1" el="47" ec="2" bec="0" bev="0" fileid="2" />
                <SequencePoint vc="6" uspid="48" ordinal="1" sl="48" sc="1" el="48" ec="2" bec="0" bev="0" fileid="2" />
                <SequencePoint vc="6" uspid="49" ordinal="2" sl="49" sc="1" el="49" ec="2" bec="0" bev="0" fileid="2" />
                <SequencePoint vc="6" uspid="50" ordinal="3" sl="50" sc="1" el="50" ec="2" bec="0" bev="0" fileid="2" />
                <SequencePoint vc="6" uspid="52" ordinal="4" sl="52" sc="1" el="52" ec="2" bec="2" bev="2" fileid="2" />
                <SequencePoint vc="3" uspid="53" ordinal="5" sl="53" sc="1" el="53" ec="2" bec="0" bev="0" fileid="2" />
                <SequencePoint vc="3" uspid="54" ordinal="6" sl="54" sc="1" el="54" ec="2" bec="0" bev="0" fileid="2" />
                <SequencePoint vc="3" uspid="55" ordinal="7" sl="55" sc="1" el="55" ec="2" bec="0" bev="0" fileid="2" />
                <SequencePoint vc="3" uspid="56" ordinal="8" sl="56" sc="1" el="56" ec="2" bec="0" bev="0" fileid="2" />
                <SequencePoint vc="3" uspid="57" ordinal="9" sl="57" sc="1" el="57" ec="2" bec="0" bev="0" fileid="2" />
                <SequencePoint vc="3" uspid="58" ordinal="10" sl="58" sc="1" el="58" ec="2" bec="2" bev="2" fileid="2" />
                <SequencePoint vc="1" uspid="59" ordinal="11" sl="59" sc="1" el="59" ec="2" bec="0" bev="0" fileid="2" />
                <SequencePoint vc="1" uspid="60" ordinal="12" sl="60" sc="1" el="60" ec="2" bec="0" bev="0" fileid="2" />
                <SequencePoint vc="1" uspid="61" ordinal="13" sl="61" sc="1" el="61" ec="2" bec="0" bev="0" fileid="2" />
                <SequencePoint vc="1" uspid="62" ordinal="14" sl="62" sc="1" el="62" ec="2" bec="0" bev="0" fileid="2" />
                <SequencePoint vc="1" uspid="64" ordinal="15" sl="64" sc="1" el="64" ec="2" bec="0" bev="0" fileid="2" />
                <SequencePoint vc="1" uspid="67" ordinal="16" sl="67" sc="1" el="67" ec="2" bec="0" bev="0" fileid="2" />
                <SequencePoint vc="1" uspid="68" ordinal="17" sl="68" sc="1" el="68" ec="2" bec="0" bev="0" fileid="2" />
                <SequencePoint vc="6" uspid="70" ordinal="18" sl="70" sc="1" el="70" ec="2" bec="2" bev="2" fileid="2" />
                <SequencePoint vc="6" uspid="71" ordinal="19" sl="71" sc="1" el="71" ec="2" bec="4" bev="3" fileid="2" />
                <SequencePoint vc="6" uspid="73" ordinal="20" sl="73" sc="1" el="73" ec="2" bec="4" bev="4" fileid="2" />
                <SequencePoint vc="2" uspid="74" ordinal="21" sl="74" sc="1" el="74" ec="2" bec="0" bev="0" fileid="2" />
                <SequencePoint vc="2" uspid="76" ordinal="22" sl="76" sc="1" el="76" ec="2" bec="0" bev="0" fileid="2" />
                <SequencePoint vc="2" uspid="77" ordinal="23" sl="77" sc="1" el="77" ec="2" bec="0" bev="0" fileid="2" />
                <SequencePoint vc="2" uspid="78" ordinal="24" sl="78" sc="1" el="78" ec="2" bec="2" bev="1" fileid="2" />
                <SequencePoint vc="2" uspid="79" ordinal="25" sl="79" sc="1" el="79" ec="2" bec="0" bev="0" fileid="2" />
                <SequencePoint vc="2" uspid="80" ordinal="26" sl="80" sc="1" el="80" ec="2" bec="0" bev="0" fileid="2" />
                <SequencePoint vc="2" uspid="81" ordinal="27" sl="81" sc="1" el="81" ec="2" bec="0" bev="0" fileid="2" />
                <SequencePoint vc="2" uspid="82" ordinal="28" sl="82" sc="1" el="82" ec="2" bec="0" bev="0" fileid="2" />
                <SequencePoint vc="2" uspid="83" ordinal="29" sl="83" sc="1" el="83" ec="2" bec="0" bev="0" fileid="2" />
                <SequencePoint vc="2" uspid="84" ordinal="30" sl="84" sc="1" el="84" ec="2" bec="0" bev="0" fileid="2" />
                <SequencePoint vc="2" uspid="85" ordinal="31" sl="85" sc="1" el="85" ec="2" bec="0" bev="0" fileid="2" />
                <SequencePoint vc="2" uspid="86" ordinal="32" sl="86" sc="1" el="86" ec="2" bec="0" bev="0" fileid="2" />
                <SequencePoint vc="2" uspid="87" ordinal="33" sl="87" sc="1" el="87" ec="2" bec="0" bev="0" fileid="2" />
                <SequencePoint vc="2" uspid="88" ordinal="34" sl="88" sc="1" el="88" ec="2" bec="0" bev="0" fileid="2" />
                <SequencePoint vc="2" uspid="89" ordinal="35" sl="89" sc="1" el="89" ec="2" bec="0" bev="0" fileid="2" />
                <SequencePoint vc="2" uspid="90" ordinal="36" sl="90" sc="1" el="90" ec="2" bec="0" bev="0" fileid="2" />
                <SequencePoint vc="2" uspid="91" ordinal="37" sl="91" sc="1" el="91" ec="2" bec="0" bev="0" fileid="2" />
                <SequencePoint vc="2" uspid="92" ordinal="38" sl="92" sc="1" el="92" ec="2" bec="0" bev="0" fileid="2" />
                <SequencePoint vc="2" uspid="93" ordinal="39" sl="93" sc="1" el="93" ec="2" bec="0" bev="0" fileid="2" />
                <SequencePoint vc="2" uspid="94" ordinal="40" sl="94" sc="1" el="94" ec="2" bec="0" bev="0" fileid="2" />
                <SequencePoint vc="0" uspid="95" ordinal="41" sl="95" sc="1" el="95" ec="2" bec="0" bev="0" fileid="2" />
                <SequencePoint vc="0" uspid="96" ordinal="42" sl="96" sc="1" el="96" ec="2" bec="0" bev="0" fileid="2" />
                <SequencePoint vc="0" uspid="97" ordinal="43" sl="97" sc="1" el="97" ec="2" bec="0" bev="0" fileid="2" />
                <SequencePoint vc="0" uspid="98" ordinal="44" sl="98" sc="1" el="98" ec="2" bec="0" bev="0" fileid="2" />
                <SequencePoint vc="2" uspid="99" ordinal="45" sl="99" sc="1" el="99" ec="2" bec="0" bev="0" fileid="2" />
                <SequencePoint vc="6" uspid="101" ordinal="46" sl="101" sc="1" el="101" ec="2" bec="0" bev="0" fileid="2" />
                <SequencePoint vc="6" uspid="102" ordinal="47" sl="102" sc="1" el="102" ec="2" bec="0" bev="0" fileid="2" />
                <SequencePoint vc="6" uspid="105" ordinal="48" sl="105" sc="1" el="105" ec="2" bec="2" bev="2" fileid="2" />
                <SequencePoint vc="1" uspid="106" ordinal="49" sl="106" sc="1" el="106" ec="2" bec="0" bev="0" fileid="2" />
                <SequencePoint vc="1" uspid="107" ordinal="50" sl="107" sc="1" el="107" ec="2" bec="0" bev="0" fileid="2" />
                <SequencePoint vc="1" uspid="108" ordinal="51" sl="108" sc="1" el="108" ec="2" bec="0" bev="0" fileid="2" />
                <SequencePoint vc="1" uspid="109" ordinal="52" sl="109" sc="1" el="109" ec="2" bec="0" bev="0" fileid="2" />
                <SequencePoint vc="1" uspid="110" ordinal="53" sl="110" sc="1" el="110" ec="2" bec="0" bev="0" fileid="2" />
                <SequencePoint vc="1" uspid="111" ordinal="54" sl="111" sc="1" el="111" ec="2" bec="0" bev="0" fileid="2" />
                <SequencePoint vc="1" uspid="112" ordinal="55" sl="112" sc="1" el="112" ec="2" bec="0" bev="0" fileid="2" />
                <SequencePoint vc="5" uspid="114" ordinal="56" sl="114" sc="1" el="114" ec="2" bec="0" bev="0" fileid="2" />
                <SequencePoint vc="5" uspid="115" ordinal="57" sl="115" sc="1" el="115" ec="2" bec="0" bev="0" fileid="2" />
                <SequencePoint vc="5" uspid="116" ordinal="58" sl="116" sc="1" el="116" ec="2" bec="0" bev="0" fileid="2" />
                <SequencePoint vc="5" uspid="117" ordinal="59" sl="117" sc="1" el="117" ec="2" bec="0" bev="0" fileid="2" />
                <SequencePoint vc="5" uspid="118" ordinal="60" sl="118" sc="1" el="118" ec="2" bec="0" bev="0" fileid="2" />
                <SequencePoint vc="5" uspid="119" ordinal="61" sl="119" sc="1" el="119" ec="2" bec="0" bev="0" fileid="2" />
                <SequencePoint vc="5" uspid="120" ordinal="62" sl="120" sc="1" el="120" ec="2" bec="0" bev="0" fileid="2" />
                <SequencePoint vc="6" uspid="122" ordinal="63" sl="122" sc="1" el="122" ec="2" bec="0" bev="0" fileid="2" />
                <SequencePoint vc="6" uspid="123" ordinal="64" sl="123" sc="1" el="123" ec="2" bec="0" bev="0" fileid="2" />
                <SequencePoint vc="6" uspid="124" ordinal="65" sl="124" sc="1" el="124" ec="2" bec="0" bev="0" fileid="2" />
              </SequencePoints>
              <BranchPoints>
                <BranchPoint vc="3" uspid="52" ordinal="0" path="0" offset="86" offsetend="88" sl="52" fileid="2" />
                <BranchPoint vc="3" uspid="52" ordinal="1" path="1" offset="86" offsetend="146" sl="52" fileid="2" />
                <BranchPoint vc="1" uspid="58" ordinal="2" path="0" offset="174" offsetend="179" sl="58" fileid="2" />
                <BranchPoint vc="3" uspid="58" ordinal="3" path="1" offset="174" offsetend="323" sl="58" fileid="2" />
                <BranchPoint vc="3" uspid="70" ordinal="4" path="0" offset="342" offsetend="344" sl="70" fileid="2" />
                <BranchPoint vc="3" uspid="70" ordinal="5" path="1" offset="342" offsetend="360" sl="70" fileid="2" />
                <BranchPoint vc="0" uspid="71" ordinal="6" path="0" offset="379" offsetend="381" sl="71" fileid="2" />
                <BranchPoint vc="6" uspid="71" ordinal="7" path="1" offset="379" offsetend="385" sl="71" fileid="2" />
                <BranchPoint vc="5" uspid="71" ordinal="8" path="0" offset="396" offsetend="398" sl="71" fileid="2" />
                <BranchPoint vc="1" uspid="71" ordinal="9" path="1" offset="396" offsetend="402" sl="71" fileid="2" />
                <BranchPoint vc="4" uspid="73" ordinal="10" path="0" offset="418" offsetend="420" sl="73" fileid="2" />
                <BranchPoint vc="2" uspid="73" ordinal="11" path="1" offset="418" offsetend="431" sl="73" fileid="2" />
                <BranchPoint vc="2" uspid="73" ordinal="12" path="0" offset="434" offsetend="439" sl="73" fileid="2" />
                <BranchPoint vc="0" uspid="78" ordinal="14" path="0" offset="590" offsetend="592" sl="78" fileid="2" />
                <BranchPoint vc="2" uspid="78" ordinal="15" path="1" offset="590" offsetend="598" sl="78" fileid="2" />
                <BranchPoint vc="6" uspid="73" ordinal="13" path="1" offset="434" offsetend="865" sl="73" fileid="2" />
                <BranchPoint vc="1" uspid="105" ordinal="16" path="0" offset="927" offsetend="929" sl="105" fileid="2" />
                <BranchPoint vc="5" uspid="105" ordinal="17" path="1" offset="927" offsetend="955" sl="105" fileid="2" />
              </BranchPoints>
              <MethodPoint vc="62" uspid="0" p8:type="SequencePoint" ordinal="0" offset="0" sc="0" sl="47" ec="1" el="124" bec="0" bev="0" fileid="2" xmlns:p8="xsi" />
            </Method>
          </Methods>
        </Class>
        <Class>
          <Summary numSequencePoints="9" visitedSequencePoints="9" numBranchPoints="0" visitedBranchPoints="0" sequenceCoverage="100" branchCoverage="100" maxCyclomaticComplexity="1" minCyclomaticComplexity="1" visitedClasses="1" numClasses="1" visitedMethods="1" numMethods="1" />
          <FullName>MageBackend.Web.Middleware.ErrorHandlerMiddleware/&lt;InvokeAsync&gt;d__2</FullName>
          <Methods>
            <Method cyclomaticComplexity="1" nPathComplexity="1" sequenceCoverage="100" branchCoverage="100" isConstructor="False" isGetter="False" isSetter="False" isStatic="True">
              <Summary numSequencePoints="9" visitedSequencePoints="9" numBranchPoints="0" visitedBranchPoints="0" sequenceCoverage="100" branchCoverage="100" maxCyclomaticComplexity="1" minCyclomaticComplexity="1" visitedClasses="0" numClasses="0" visitedMethods="1" numMethods="1" />
              <MetadataToken />
              <Name>System.Void MageBackend.Web.Middleware.ErrorHandlerMiddleware/&lt;InvokeAsync&gt;d__2::MoveNext()</Name>
              <FileRef uid="2" />
              <SequencePoints>
                <SequencePoint vc="20" uspid="35" ordinal="0" sl="35" sc="1" el="35" ec="2" bec="0" bev="0" fileid="2" />
                <SequencePoint vc="20" uspid="37" ordinal="1" sl="37" sc="1" el="37" ec="2" bec="0" bev="0" fileid="2" />
                <SequencePoint vc="20" uspid="38" ordinal="2" sl="38" sc="1" el="38" ec="2" bec="0" bev="0" fileid="2" />
                <SequencePoint vc="14" uspid="39" ordinal="3" sl="39" sc="1" el="39" ec="2" bec="0" bev="0" fileid="2" />
                <SequencePoint vc="6" uspid="40" ordinal="4" sl="40" sc="1" el="40" ec="2" bec="0" bev="0" fileid="2" />
                <SequencePoint vc="6" uspid="41" ordinal="5" sl="41" sc="1" el="41" ec="2" bec="0" bev="0" fileid="2" />
                <SequencePoint vc="6" uspid="42" ordinal="6" sl="42" sc="1" el="42" ec="2" bec="0" bev="0" fileid="2" />
                <SequencePoint vc="6" uspid="43" ordinal="7" sl="43" sc="1" el="43" ec="2" bec="0" bev="0" fileid="2" />
                <SequencePoint vc="20" uspid="44" ordinal="8" sl="44" sc="1" el="44" ec="2" bec="0" bev="0" fileid="2" />
              </SequencePoints>
              <BranchPoints />
              <MethodPoint vc="9" uspid="0" p8:type="SequencePoint" ordinal="0" offset="0" sc="0" sl="35" ec="1" el="44" bec="0" bev="0" fileid="2" xmlns:p8="xsi" />
            </Method>
          </Methods>
        </Class>
        <Class>
          <Summary numSequencePoints="4" visitedSequencePoints="4" numBranchPoints="0" visitedBranchPoints="0" sequenceCoverage="100" branchCoverage="100" maxCyclomaticComplexity="1" minCyclomaticComplexity="1" visitedClasses="1" numClasses="1" visitedMethods="1" numMethods="1" />
          <FullName>MageBackend.Web.Middleware.JwtAuthenticationMiddleware</FullName>
          <Methods>
            <Method cyclomaticComplexity="1" nPathComplexity="1" sequenceCoverage="100" branchCoverage="100" isConstructor="True" isGetter="False" isSetter="False" isStatic="True">
              <Summary numSequencePoints="4" visitedSequencePoints="4" numBranchPoints="0" visitedBranchPoints="0" sequenceCoverage="100" branchCoverage="100" maxCyclomaticComplexity="1" minCyclomaticComplexity="1" visitedClasses="0" numClasses="0" visitedMethods="1" numMethods="1" />
              <MetadataToken />
              <Name>System.Void MageBackend.Web.Middleware.JwtAuthenticationMiddleware::.ctor(Microsoft.AspNetCore.Http.RequestDelegate)</Name>
              <FileRef uid="3" />
              <SequencePoints>
                <SequencePoint vc="4" uspid="13" ordinal="0" sl="13" sc="1" el="13" ec="2" bec="0" bev="0" fileid="3" />
                <SequencePoint vc="4" uspid="14" ordinal="1" sl="14" sc="1" el="14" ec="2" bec="0" bev="0" fileid="3" />
                <SequencePoint vc="4" uspid="15" ordinal="2" sl="15" sc="1" el="15" ec="2" bec="0" bev="0" fileid="3" />
                <SequencePoint vc="4" uspid="16" ordinal="3" sl="16" sc="1" el="16" ec="2" bec="0" bev="0" fileid="3" />
              </SequencePoints>
              <BranchPoints />
              <MethodPoint vc="4" uspid="0" p8:type="SequencePoint" ordinal="0" offset="0" sc="0" sl="13" ec="1" el="16" bec="0" bev="0" fileid="3" xmlns:p8="xsi" />
            </Method>
          </Methods>
        </Class>
        <Class>
          <Summary numSequencePoints="26" visitedSequencePoints="26" numBranchPoints="6" visitedBranchPoints="6" sequenceCoverage="100" branchCoverage="100" maxCyclomaticComplexity="6" minCyclomaticComplexity="6" visitedClasses="1" numClasses="1" visitedMethods="1" numMethods="1" />
          <FullName>MageBackend.Web.Middleware.JwtAuthenticationMiddleware/&lt;InvokeAsync&gt;d__2</FullName>
          <Methods>
            <Method cyclomaticComplexity="6" nPathComplexity="6" sequenceCoverage="100" branchCoverage="100" isConstructor="False" isGetter="False" isSetter="False" isStatic="True">
              <Summary numSequencePoints="26" visitedSequencePoints="26" numBranchPoints="6" visitedBranchPoints="6" sequenceCoverage="100" branchCoverage="100" maxCyclomaticComplexity="6" minCyclomaticComplexity="6" visitedClasses="0" numClasses="0" visitedMethods="1" numMethods="1" />
              <MetadataToken />
              <Name>System.Void MageBackend.Web.Middleware.JwtAuthenticationMiddleware/&lt;InvokeAsync&gt;d__2::MoveNext()</Name>
              <FileRef uid="3" />
              <SequencePoints>
                <SequencePoint vc="16" uspid="19" ordinal="0" sl="19" sc="1" el="19" ec="2" bec="0" bev="0" fileid="3" />
                <SequencePoint vc="16" uspid="20" ordinal="1" sl="20" sc="1" el="20" ec="2" bec="2" bev="2" fileid="3" />
                <SequencePoint vc="16" uspid="21" ordinal="2" sl="21" sc="1" el="21" ec="2" bec="2" bev="2" fileid="3" />
                <SequencePoint vc="4" uspid="22" ordinal="3" sl="22" sc="1" el="22" ec="2" bec="0" bev="0" fileid="3" />
                <SequencePoint vc="4" uspid="24" ordinal="4" sl="24" sc="1" el="24" ec="2" bec="0" bev="0" fileid="3" />
                <SequencePoint vc="4" uspid="25" ordinal="5" sl="25" sc="1" el="25" ec="2" bec="0" bev="0" fileid="3" />
                <SequencePoint vc="3" uspid="26" ordinal="6" sl="26" sc="1" el="26" ec="2" bec="2" bev="2" fileid="3" />
                <SequencePoint vc="3" uspid="27" ordinal="7" sl="27" sc="1" el="27" ec="2" bec="0" bev="0" fileid="3" />
                <SequencePoint vc="3" uspid="28" ordinal="8" sl="28" sc="1" el="28" ec="2" bec="0" bev="0" fileid="3" />
                <SequencePoint vc="3" uspid="29" ordinal="9" sl="29" sc="1" el="29" ec="2" bec="0" bev="0" fileid="3" />
                <SequencePoint vc="3" uspid="30" ordinal="10" sl="30" sc="1" el="30" ec="2" bec="0" bev="0" fileid="3" />
                <SequencePoint vc="3" uspid="31" ordinal="11" sl="31" sc="1" el="31" ec="2" bec="0" bev="0" fileid="3" />
                <SequencePoint vc="3" uspid="32" ordinal="12" sl="32" sc="1" el="32" ec="2" bec="0" bev="0" fileid="3" />
                <SequencePoint vc="3" uspid="33" ordinal="13" sl="33" sc="1" el="33" ec="2" bec="0" bev="0" fileid="3" />
                <SequencePoint vc="3" uspid="34" ordinal="14" sl="34" sc="1" el="34" ec="2" bec="0" bev="0" fileid="3" />
                <SequencePoint vc="3" uspid="35" ordinal="15" sl="35" sc="1" el="35" ec="2" bec="0" bev="0" fileid="3" />
                <SequencePoint vc="3" uspid="36" ordinal="16" sl="36" sc="1" el="36" ec="2" bec="0" bev="0" fileid="3" />
                <SequencePoint vc="3" uspid="37" ordinal="17" sl="37" sc="1" el="37" ec="2" bec="0" bev="0" fileid="3" />
                <SequencePoint vc="3" uspid="38" ordinal="18" sl="38" sc="1" el="38" ec="2" bec="0" bev="0" fileid="3" />
                <SequencePoint vc="3" uspid="39" ordinal="19" sl="39" sc="1" el="39" ec="2" bec="0" bev="0" fileid="3" />
                <SequencePoint vc="1" uspid="45" ordinal="20" sl="45" sc="1" el="45" ec="2" bec="0" bev="0" fileid="3" />
                <SequencePoint vc="1" uspid="46" ordinal="21" sl="46" sc="1" el="46" ec="2" bec="0" bev="0" fileid="3" />
                <SequencePoint vc="1" uspid="47" ordinal="22" sl="47" sc="1" el="47" ec="2" bec="0" bev="0" fileid="3" />
                <SequencePoint vc="4" uspid="49" ordinal="23" sl="49" sc="1" el="49" ec="2" bec="0" bev="0" fileid="3" />
                <SequencePoint vc="16" uspid="51" ordinal="24" sl="51" sc="1" el="51" ec="2" bec="0" bev="0" fileid="3" />
                <SequencePoint vc="16" uspid="52" ordinal="25" sl="52" sc="1" el="52" ec="2" bec="0" bev="0" fileid="3" />
              </SequencePoints>
              <BranchPoints>
                <BranchPoint vc="12" uspid="20" ordinal="0" path="0" offset="51" offsetend="53" sl="20" fileid="3" />
                <BranchPoint vc="4" uspid="20" ordinal="1" path="1" offset="51" offsetend="57" sl="20" fileid="3" />
                <BranchPoint vc="4" uspid="21" ordinal="2" path="0" offset="90" offsetend="95" sl="21" fileid="3" />
                <BranchPoint vc="3" uspid="26" ordinal="4" path="0" offset="131" offsetend="136" sl="26" fileid="3" />
                <BranchPoint vc="3" uspid="26" ordinal="5" path="1" offset="131" offsetend="343" sl="26" fileid="3" />
                <BranchPoint vc="16" uspid="21" ordinal="3" path="1" offset="90" offsetend="359" sl="21" fileid="3" />
              </BranchPoints>
              <MethodPoint vc="26" uspid="0" p8:type="SequencePoint" ordinal="0" offset="0" sc="0" sl="19" ec="1" el="52" bec="0" bev="0" fileid="3" xmlns:p8="xsi" />
            </Method>
          </Methods>
        </Class>
        <Class>
          <Summary numSequencePoints="29" visitedSequencePoints="29" numBranchPoints="10" visitedBranchPoints="4" sequenceCoverage="100" branchCoverage="40" maxCyclomaticComplexity="4" minCyclomaticComplexity="1" visitedClasses="1" numClasses="1" visitedMethods="7" numMethods="7" />
          <FullName>MageBackend.Web.Middleware.RateLimitMiddleware</FullName>
          <Methods>
            <Method cyclomaticComplexity="1" nPathComplexity="1" sequenceCoverage="100" branchCoverage="100" isConstructor="False" isGetter="True" isSetter="False" isStatic="True">
              <Summary numSequencePoints="1" visitedSequencePoints="1" numBranchPoints="0" visitedBranchPoints="0" sequenceCoverage="100" branchCoverage="100" maxCyclomaticComplexity="1" minCyclomaticComplexity="1" visitedClasses="0" numClasses="0" visitedMethods="1" numMethods="1" />
              <MetadataToken />
              <Name>System.Func`1&lt;StackExchange.Redis.IDatabase&gt; MageBackend.Web.Middleware.RateLimitMiddleware::get_DatabaseAccessor()</Name>
              <FileRef uid="4" />
              <SequencePoints>
                <SequencePoint vc="1" uspid="21" ordinal="0" sl="21" sc="1" el="21" ec="2" bec="0" bev="0" fileid="4" />
              </SequencePoints>
              <BranchPoints />
              <MethodPoint vc="1" uspid="0" p8:type="SequencePoint" ordinal="0" offset="0" sc="0" sl="21" ec="1" el="21" bec="0" bev="0" fileid="4" xmlns:p8="xsi" />
            </Method>
            <Method cyclomaticComplexity="2" nPathComplexity="2" sequenceCoverage="100" branchCoverage="100" isConstructor="False" isGetter="False" isSetter="False" isStatic="True">
              <Summary numSequencePoints="4" visitedSequencePoints="4" numBranchPoints="2" visitedBranchPoints="2" sequenceCoverage="100" branchCoverage="100" maxCyclomaticComplexity="2" minCyclomaticComplexity="2" visitedClasses="0" numClasses="0" visitedMethods="1" numMethods="1" />
              <MetadataToken />
              <Name>System.Boolean MageBackend.Web.Middleware.RateLimitMiddleware::IsDisabled()</Name>
              <FileRef uid="4" />
              <SequencePoints>
                <SequencePoint vc="4" uspid="98" ordinal="0" sl="98" sc="1" el="98" ec="2" bec="0" bev="0" fileid="4" />
                <SequencePoint vc="4" uspid="99" ordinal="1" sl="99" sc="1" el="99" ec="2" bec="2" bev="2" fileid="4" />
                <SequencePoint vc="4" uspid="100" ordinal="2" sl="100" sc="1" el="100" ec="2" bec="0" bev="0" fileid="4" />
                <SequencePoint vc="4" uspid="101" ordinal="3" sl="101" sc="1" el="101" ec="2" bec="0" bev="0" fileid="4" />
              </SequencePoints>
              <BranchPoints>
                <BranchPoint vc="1" uspid="99" ordinal="0" path="0" offset="21" offsetend="23" sl="99" fileid="4" />
                <BranchPoint vc="3" uspid="99" ordinal="1" path="1" offset="21" offsetend="45" sl="99" fileid="4" />
              </BranchPoints>
              <MethodPoint vc="4" uspid="0" p8:type="SequencePoint" ordinal="1" offset="1" sc="0" sl="98" ec="1" el="101" bec="0" bev="0" fileid="4" xmlns:p8="xsi" />
            </Method>
            <Method cyclomaticComplexity="4" nPathComplexity="4" sequenceCoverage="100" branchCoverage="25" isConstructor="False" isGetter="False" isSetter="False" isStatic="True">
              <Summary numSequencePoints="4" visitedSequencePoints="4" numBranchPoints="4" visitedBranchPoints="1" sequenceCoverage="100" branchCoverage="25" maxCyclomaticComplexity="4" minCyclomaticComplexity="4" visitedClasses="0" numClasses="0" visitedMethods="1" numMethods="1" />
              <MetadataToken />
              <Name>System.Int32 MageBackend.Web.Middleware.RateLimitMiddleware::ApplyEnvOverride(System.Int32)</Name>
              <FileRef uid="4" />
              <SequencePoints>
                <SequencePoint vc="4" uspid="104" ordinal="0" sl="104" sc="1" el="104" ec="2" bec="0" bev="0" fileid="4" />
                <SequencePoint vc="4" uspid="105" ordinal="1" sl="105" sc="1" el="105" ec="2" bec="0" bev="0" fileid="4" />
                <SequencePoint vc="4" uspid="106" ordinal="2" sl="106" sc="1" el="106" ec="2" bec="4" bev="1" fileid="4" />
                <SequencePoint vc="4" uspid="107" ordinal="3" sl="107" sc="1" el="107" ec="2" bec="0" bev="0" fileid="4" />
              </SequencePoints>
              <BranchPoints>
                <BranchPoint vc="0" uspid="106" ordinal="0" path="0" offset="20" offsetend="22" sl="106" fileid="4" />
                <BranchPoint vc="4" uspid="106" ordinal="1" path="1" offset="20" offsetend="26" sl="106" fileid="4" />
                <BranchPoint vc="0" uspid="106" ordinal="2" path="0" offset="24" offsetend="26" sl="106" fileid="4" />
                <BranchPoint vc="0" uspid="106" ordinal="3" path="1" offset="24" offsetend="29" sl="106" fileid="4" />
              </BranchPoints>
              <MethodPoint vc="4" uspid="0" p8:type="SequencePoint" ordinal="2" offset="2" sc="0" sl="104" ec="1" el="107" bec="0" bev="0" fileid="4" xmlns:p8="xsi" />
            </Method>
            <Method cyclomaticComplexity="4" nPathComplexity="4" sequenceCoverage="100" branchCoverage="25" isConstructor="False" isGetter="False" isSetter="False" isStatic="True">
              <Summary numSequencePoints="4" visitedSequencePoints="4" numBranchPoints="4" visitedBranchPoints="1" sequenceCoverage="100" branchCoverage="25" maxCyclomaticComplexity="4" minCyclomaticComplexity="4" visitedClasses="0" numClasses="0" visitedMethods="1" numMethods="1" />
              <MetadataToken />
              <Name>System.Int32 MageBackend.Web.Middleware.RateLimitMiddleware::ApplyEnvOverrideWindow(System.Int32)</Name>
              <FileRef uid="4" />
              <SequencePoints>
                <SequencePoint vc="4" uspid="110" ordinal="0" sl="110" sc="1" el="110" ec="2" bec="0" bev="0" fileid="4" />
                <SequencePoint vc="4" uspid="111" ordinal="1" sl="111" sc="1" el="111" ec="2" bec="0" bev="0" fileid="4" />
                <SequencePoint vc="4" uspid="112" ordinal="2" sl="112" sc="1" el="112" ec="2" bec="4" bev="1" fileid="4" />
                <SequencePoint vc="4" uspid="113" ordinal="3" sl="113" sc="1" el="113" ec="2" bec="0" bev="0" fileid="4" />
              </SequencePoints>
              <BranchPoints>
                <BranchPoint vc="0" uspid="112" ordinal="0" path="0" offset="20" offsetend="22" sl="112" fileid="4" />
                <BranchPoint vc="4" uspid="112" ordinal="1" path="1" offset="20" offsetend="26" sl="112" fileid="4" />
                <BranchPoint vc="0" uspid="112" ordinal="2" path="0" offset="24" offsetend="26" sl="112" fileid="4" />
                <BranchPoint vc="0" uspid="112" ordinal="3" path="1" offset="24" offsetend="29" sl="112" fileid="4" />
              </BranchPoints>
              <MethodPoint vc="4" uspid="0" p8:type="SequencePoint" ordinal="3" offset="3" sc="0" sl="110" ec="1" el="113" bec="0" bev="0" fileid="4" xmlns:p8="xsi" />
            </Method>
            <Method cyclomaticComplexity="1" nPathComplexity="1" sequenceCoverage="100" branchCoverage="100" isConstructor="False" isGetter="False" isSetter="False" isStatic="True">
              <Summary numSequencePoints="5" visitedSequencePoints="5" numBranchPoints="0" visitedBranchPoints="0" sequenceCoverage="100" branchCoverage="100" maxCyclomaticComplexity="1" minCyclomaticComplexity="1" visitedClasses="0" numClasses="0" visitedMethods="1" numMethods="1" />
              <MetadataToken />
              <Name>System.Void MageBackend.Web.Middleware.RateLimitMiddleware::WriteHeaders(Microsoft.AspNetCore.Http.HttpContext,System.Int32,System.Int32,System.Int32)</Name>
              <FileRef uid="4" />
              <SequencePoints>
                <SequencePoint vc="4" uspid="116" ordinal="0" sl="116" sc="1" el="116" ec="2" bec="0" bev="0" fileid="4" />
                <SequencePoint vc="4" uspid="117" ordinal="1" sl="117" sc="1" el="117" ec="2" bec="0" bev="0" fileid="4" />
                <SequencePoint vc="4" uspid="118" ordinal="2" sl="118" sc="1" el="118" ec="2" bec="0" bev="0" fileid="4" />
                <SequencePoint vc="4" uspid="119" ordinal="3" sl="119" sc="1" el="119" ec="2" bec="0" bev="0" fileid="4" />
                <SequencePoint vc="4" uspid="120" ordinal="4" sl="120" sc="1" el="120" ec="2" bec="0" bev="0" fileid="4" />
              </SequencePoints>
              <BranchPoints />
              <MethodPoint vc="5" uspid="0" p8:type="SequencePoint" ordinal="4" offset="4" sc="0" sl="116" ec="1" el="120" bec="0" bev="0" fileid="4" xmlns:p8="xsi" />
            </Method>
            <Method cyclomaticComplexity="1" nPathComplexity="1" sequenceCoverage="100" branchCoverage="100" isConstructor="True" isGetter="False" isSetter="False" isStatic="True">
              <Summary numSequencePoints="4" visitedSequencePoints="4" numBranchPoints="0" visitedBranchPoints="0" sequenceCoverage="100" branchCoverage="100" maxCyclomaticComplexity="1" minCyclomaticComplexity="1" visitedClasses="0" numClasses="0" visitedMethods="1" numMethods="1" />
              <MetadataToken />
              <Name>System.Void MageBackend.Web.Middleware.RateLimitMiddleware::.ctor(Microsoft.AspNetCore.Http.RequestDelegate)</Name>
              <FileRef uid="4" />
              <SequencePoints>
                <SequencePoint vc="4" uspid="25" ordinal="0" sl="25" sc="1" el="25" ec="2" bec="0" bev="0" fileid="4" />
                <SequencePoint vc="4" uspid="26" ordinal="1" sl="26" sc="1" el="26" ec="2" bec="0" bev="0" fileid="4" />
                <SequencePoint vc="4" uspid="27" ordinal="2" sl="27" sc="1" el="27" ec="2" bec="0" bev="0" fileid="4" />
                <SequencePoint vc="4" uspid="28" ordinal="3" sl="28" sc="1" el="28" ec="2" bec="0" bev="0" fileid="4" />
              </SequencePoints>
              <BranchPoints />
              <MethodPoint vc="4" uspid="0" p8:type="SequencePoint" ordinal="5" offset="5" sc="0" sl="25" ec="1" el="28" bec="0" bev="0" fileid="4" xmlns:p8="xsi" />
            </Method>
            <Method cyclomaticComplexity="1" nPathComplexity="1" sequenceCoverage="100" branchCoverage="100" isConstructor="True" isGetter="False" isSetter="False" isStatic="True">
              <Summary numSequencePoints="7" visitedSequencePoints="7" numBranchPoints="0" visitedBranchPoints="0" sequenceCoverage="100" branchCoverage="100" maxCyclomaticComplexity="1" minCyclomaticComplexity="1" visitedClasses="0" numClasses="0" visitedMethods="1" numMethods="1" />
              <MetadataToken />
              <Name>System.Void MageBackend.Web.Middleware.RateLimitMiddleware::.cctor()</Name>
              <FileRef uid="4" />
              <SequencePoints>
                <SequencePoint vc="1" uspid="13" ordinal="0" sl="13" sc="1" el="13" ec="2" bec="0" bev="0" fileid="4" />
                <SequencePoint vc="1" uspid="14" ordinal="1" sl="14" sc="1" el="14" ec="2" bec="0" bev="0" fileid="4" />
                <SequencePoint vc="1" uspid="15" ordinal="2" sl="15" sc="1" el="15" ec="2" bec="0" bev="0" fileid="4" />
                <SequencePoint vc="1" uspid="16" ordinal="3" sl="16" sc="1" el="16" ec="2" bec="0" bev="0" fileid="4" />
                <SequencePoint vc="1" uspid="17" ordinal="4" sl="17" sc="1" el="17" ec="2" bec="0" bev="0" fileid="4" />
                <SequencePoint vc="1" uspid="18" ordinal="5" sl="18" sc="1" el="18" ec="2" bec="0" bev="0" fileid="4" />
                <SequencePoint vc="1" uspid="19" ordinal="6" sl="19" sc="1" el="19" ec="2" bec="0" bev="0" fileid="4" />
              </SequencePoints>
              <BranchPoints />
              <MethodPoint vc="7" uspid="0" p8:type="SequencePoint" ordinal="6" offset="6" sc="0" sl="13" ec="1" el="19" bec="0" bev="0" fileid="4" xmlns:p8="xsi" />
            </Method>
          </Methods>
        </Class>
        <Class>
          <Summary numSequencePoints="31" visitedSequencePoints="21" numBranchPoints="14" visitedBranchPoints="9" sequenceCoverage="67.74" branchCoverage="64.28" maxCyclomaticComplexity="14" minCyclomaticComplexity="14" visitedClasses="1" numClasses="1" visitedMethods="1" numMethods="1" />
          <FullName>MageBackend.Web.Middleware.RateLimitMiddleware/&lt;InvokeAsync&gt;d__7</FullName>
          <Methods>
            <Method cyclomaticComplexity="14" nPathComplexity="14" sequenceCoverage="67.74" branchCoverage="64.28" isConstructor="False" isGetter="False" isSetter="False" isStatic="True">
              <Summary numSequencePoints="31" visitedSequencePoints="21" numBranchPoints="14" visitedBranchPoints="9" sequenceCoverage="67.74" branchCoverage="64.28" maxCyclomaticComplexity="14" minCyclomaticComplexity="14" visitedClasses="0" numClasses="0" visitedMethods="1" numMethods="1" />
              <MetadataToken />
              <Name>System.Void MageBackend.Web.Middleware.RateLimitMiddleware/&lt;InvokeAsync&gt;d__7::MoveNext()</Name>
              <FileRef uid="4" />
              <SequencePoints>
                <SequencePoint vc="4" uspid="31" ordinal="0" sl="31" sc="1" el="31" ec="2" bec="0" bev="0" fileid="4" />
                <SequencePoint vc="4" uspid="32" ordinal="1" sl="32" sc="1" el="32" ec="2" bec="0" bev="0" fileid="4" />
                <SequencePoint vc="4" uspid="34" ordinal="2" sl="34" sc="1" el="34" ec="2" bec="2" bev="1" fileid="4" />
                <SequencePoint vc="0" uspid="35" ordinal="3" sl="35" sc="1" el="35" ec="2" bec="0" bev="0" fileid="4" />
                <SequencePoint vc="0" uspid="36" ordinal="4" sl="36" sc="1" el="36" ec="2" bec="0" bev="0" fileid="4" />
                <SequencePoint vc="0" uspid="37" ordinal="5" sl="37" sc="1" el="37" ec="2" bec="0" bev="0" fileid="4" />
                <SequencePoint vc="4" uspid="40" ordinal="6" sl="40" sc="1" el="40" ec="2" bec="0" bev="0" fileid="4" />
                <SequencePoint vc="4" uspid="41" ordinal="7" sl="41" sc="1" el="41" ec="2" bec="0" bev="0" fileid="4" />
                <SequencePoint vc="4" uspid="42" ordinal="8" sl="42" sc="1" el="42" ec="2" bec="0" bev="0" fileid="4" />
                <SequencePoint vc="4" uspid="44" ordinal="9" sl="44" sc="1" el="44" ec="2" bec="2" bev="2" fileid="4" />
                <SequencePoint vc="3" uspid="45" ordinal="10" sl="45" sc="1" el="45" ec="2" bec="0" bev="0" fileid="4" />
                <SequencePoint vc="3" uspid="46" ordinal="11" sl="46" sc="1" el="46" ec="2" bec="0" bev="0" fileid="4" />
                <SequencePoint vc="3" uspid="47" ordinal="12" sl="47" sc="1" el="47" ec="2" bec="0" bev="0" fileid="4" />
                <SequencePoint vc="3" uspid="48" ordinal="13" sl="48" sc="1" el="48" ec="2" bec="0" bev="0" fileid="4" />
                <SequencePoint vc="1" uspid="51" ordinal="14" sl="51" sc="1" el="51" ec="2" bec="4" bev="3" fileid="4" />
                <SequencePoint vc="1" uspid="52" ordinal="15" sl="52" sc="1" el="52" ec="2" bec="0" bev="0" fileid="4" />
                <SequencePoint vc="1" uspid="54" ordinal="16" sl="54" sc="1" el="54" ec="2" bec="0" bev="0" fileid="4" />
                <SequencePoint vc="1" uspid="56" ordinal="17" sl="56" sc="1" el="56" ec="2" bec="2" bev="1" fileid="4" />
                <SequencePoint vc="0" uspid="57" ordinal="18" sl="57" sc="1" el="57" ec="2" bec="0" bev="0" fileid="4" />
                <SequencePoint vc="0" uspid="58" ordinal="19" sl="58" sc="1" el="58" ec="2" bec="0" bev="0" fileid="4" />
                <SequencePoint vc="0" uspid="59" ordinal="20" sl="59" sc="1" el="59" ec="2" bec="0" bev="0" fileid="4" />
                <SequencePoint vc="0" uspid="60" ordinal="21" sl="60" sc="1" el="60" ec="2" bec="0" bev="0" fileid="4" />
                <SequencePoint vc="1" uspid="63" ordinal="22" sl="63" sc="1" el="63" ec="2" bec="0" bev="0" fileid="4" />
                <SequencePoint vc="1" uspid="64" ordinal="23" sl="64" sc="1" el="64" ec="2" bec="2" bev="1" fileid="4" />
                <SequencePoint vc="1" uspid="65" ordinal="24" sl="65" sc="1" el="65" ec="2" bec="0" bev="0" fileid="4" />
                <SequencePoint vc="1" uspid="67" ordinal="25" sl="67" sc="1" el="67" ec="2" bec="2" bev="1" fileid="4" />
                <SequencePoint vc="0" uspid="68" ordinal="26" sl="68" sc="1" el="68" ec="2" bec="0" bev="0" fileid="4" />
                <SequencePoint vc="0" uspid="69" ordinal="27" sl="69" sc="1" el="69" ec="2" bec="0" bev="0" fileid="4" />
                <SequencePoint vc="0" uspid="70" ordinal="28" sl="70" sc="1" el="70" ec="2" bec="0" bev="0" fileid="4" />
                <SequencePoint vc="1" uspid="73" ordinal="29" sl="73" sc="1" el="73" ec="2" bec="0" bev="0" fileid="4" />
                <SequencePoint vc="4" uspid="74" ordinal="30" sl="74" sc="1" el="74" ec="2" bec="0" bev="0" fileid="4" />
              </SequencePoints>
              <BranchPoints>
                <BranchPoint vc="0" uspid="34" ordinal="0" path="0" offset="113" offsetend="115" sl="34" fileid="4" />
                <BranchPoint vc="4" uspid="34" ordinal="1" path="1" offset="113" offsetend="234" sl="34" fileid="4" />
                <BranchPoint vc="3" uspid="44" ordinal="2" path="0" offset="304" offsetend="309" sl="44" fileid="4" />
                <BranchPoint vc="1" uspid="44" ordinal="3" path="1" offset="304" offsetend="461" sl="44" fileid="4" />
                <BranchPoint vc="1" uspid="51" ordinal="4" path="0" offset="479" offsetend="481" sl="51" fileid="4" />
                <BranchPoint vc="0" uspid="51" ordinal="5" path="1" offset="479" offsetend="485" sl="51" fileid="4" />
                <BranchPoint vc="1" uspid="51" ordinal="6" path="0" offset="491" offsetend="493" sl="51" fileid="4" />
                <BranchPoint vc="1" uspid="51" ordinal="7" path="1" offset="491" offsetend="499" sl="51" fileid="4" />
                <BranchPoint vc="0" uspid="56" ordinal="8" path="0" offset="718" offsetend="723" sl="56" fileid="4" />
                <BranchPoint vc="1" uspid="56" ordinal="9" path="1" offset="718" offsetend="875" sl="56" fileid="4" />
                <BranchPoint vc="0" uspid="64" ordinal="10" path="0" offset="912" offsetend="914" sl="64" fileid="4" />
                <BranchPoint vc="1" uspid="64" ordinal="11" path="1" offset="912" offsetend="922" sl="64" fileid="4" />
                <BranchPoint vc="0" uspid="67" ordinal="12" path="0" offset="983" offsetend="985" sl="67" fileid="4" />
                <BranchPoint vc="1" uspid="67" ordinal="13" path="1" offset="983" offsetend="1096" sl="67" fileid="4" />
              </BranchPoints>
              <MethodPoint vc="21" uspid="0" p8:type="SequencePoint" ordinal="0" offset="0" sc="0" sl="31" ec="1" el="74" bec="0" bev="0" fileid="4" xmlns:p8="xsi" />
            </Method>
          </Methods>
        </Class>
        <Class>
          <Summary numSequencePoints="5" visitedSequencePoints="0" numBranchPoints="0" visitedBranchPoints="0" sequenceCoverage="0" branchCoverage="100" maxCyclomaticComplexity="1" minCyclomaticComplexity="1" visitedClasses="0" numClasses="1" visitedMethods="0" numMethods="1" />
          <FullName>MageBackend.Web.Middleware.RateLimitMiddleware/&lt;Reject429Async&gt;d__13</FullName>
          <Methods>
            <Method cyclomaticComplexity="1" nPathComplexity="1" sequenceCoverage="0" branchCoverage="100" isConstructor="False" isGetter="False" isSetter="False" isStatic="True">
              <Summary numSequencePoints="5" visitedSequencePoints="0" numBranchPoints="0" visitedBranchPoints="0" sequenceCoverage="0" branchCoverage="100" maxCyclomaticComplexity="1" minCyclomaticComplexity="1" visitedClasses="0" numClasses="0" visitedMethods="0" numMethods="1" />
              <MetadataToken />
              <Name>System.Void MageBackend.Web.Middleware.RateLimitMiddleware/&lt;Reject429Async&gt;d__13::MoveNext()</Name>
              <FileRef uid="4" />
              <SequencePoints>
                <SequencePoint vc="0" uspid="123" ordinal="0" sl="123" sc="1" el="123" ec="2" bec="0" bev="0" fileid="4" />
                <SequencePoint vc="0" uspid="124" ordinal="1" sl="124" sc="1" el="124" ec="2" bec="0" bev="0" fileid="4" />
                <SequencePoint vc="0" uspid="125" ordinal="2" sl="125" sc="1" el="125" ec="2" bec="0" bev="0" fileid="4" />
                <SequencePoint vc="0" uspid="126" ordinal="3" sl="126" sc="1" el="126" ec="2" bec="0" bev="0" fileid="4" />
                <SequencePoint vc="0" uspid="127" ordinal="4" sl="127" sc="1" el="127" ec="2" bec="0" bev="0" fileid="4" />
              </SequencePoints>
              <BranchPoints />
              <MethodPoint vc="0" uspid="0" p8:type="SequencePoint" ordinal="0" offset="0" sc="0" sl="123" ec="1" el="127" bec="0" bev="0" fileid="4" xmlns:p8="xsi" />
            </Method>
          </Methods>
        </Class>
        <Class>
          <Summary numSequencePoints="13" visitedSequencePoints="9" numBranchPoints="2" visitedBranchPoints="1" sequenceCoverage="69.23" branchCoverage="50" maxCyclomaticComplexity="2" minCyclomaticComplexity="2" visitedClasses="1" numClasses="1" visitedMethods="1" numMethods="1" />
          <FullName>MageBackend.Web.Middleware.RateLimitMiddleware/&lt;TryIncrementAsync&gt;d__8</FullName>
          <Methods>
            <Method cyclomaticComplexity="2" nPathComplexity="2" sequenceCoverage="69.23" branchCoverage="50" isConstructor="False" isGetter="False" isSetter="False" isStatic="True">
              <Summary numSequencePoints="13" visitedSequencePoints="9" numBranchPoints="2" visitedBranchPoints="1" sequenceCoverage="69.23" branchCoverage="50" maxCyclomaticComplexity="2" minCyclomaticComplexity="2" visitedClasses="0" numClasses="0" visitedMethods="1" numMethods="1" />
              <MetadataToken />
              <Name>System.Void MageBackend.Web.Middleware.RateLimitMiddleware/&lt;TryIncrementAsync&gt;d__8::MoveNext()</Name>
              <FileRef uid="4" />
              <SequencePoints>
                <SequencePoint vc="1" uspid="77" ordinal="0" sl="77" sc="1" el="77" ec="2" bec="0" bev="0" fileid="4" />
                <SequencePoint vc="1" uspid="79" ordinal="1" sl="79" sc="1" el="79" ec="2" bec="0" bev="0" fileid="4" />
                <SequencePoint vc="1" uspid="80" ordinal="2" sl="80" sc="1" el="80" ec="2" bec="2" bev="1" fileid="4" />
                <SequencePoint vc="1" uspid="81" ordinal="3" sl="81" sc="1" el="81" ec="2" bec="0" bev="0" fileid="4" />
                <SequencePoint vc="1" uspid="82" ordinal="4" sl="82" sc="1" el="82" ec="2" bec="0" bev="0" fileid="4" />
                <SequencePoint vc="1" uspid="83" ordinal="5" sl="83" sc="1" el="83" ec="2" bec="0" bev="0" fileid="4" />
                <SequencePoint vc="1" uspid="85" ordinal="6" sl="85" sc="1" el="85" ec="2" bec="0" bev="0" fileid="4" />
                <SequencePoint vc="1" uspid="86" ordinal="7" sl="86" sc="1" el="86" ec="2" bec="0" bev="0" fileid="4" />
                <SequencePoint vc="0" uspid="89" ordinal="8" sl="89" sc="1" el="89" ec="2" bec="0" bev="0" fileid="4" />
                <SequencePoint vc="0" uspid="90" ordinal="9" sl="90" sc="1" el="90" ec="2" bec="0" bev="0" fileid="4" />
                <SequencePoint vc="0" uspid="91" ordinal="10" sl="91" sc="1" el="91" ec="2" bec="0" bev="0" fileid="4" />
                <SequencePoint vc="0" uspid="92" ordinal="11" sl="92" sc="1" el="92" ec="2" bec="0" bev="0" fileid="4" />
                <SequencePoint vc="1" uspid="95" ordinal="12" sl="95" sc="1" el="95" ec="2" bec="0" bev="0" fileid="4" />
              </SequencePoints>
              <BranchPoints>
                <BranchPoint vc="1" uspid="80" ordinal="0" path="0" offset="30" offsetend="32" sl="80" fileid="4" />
                <BranchPoint vc="0" uspid="80" ordinal="1" path="1" offset="30" offsetend="39" sl="80" fileid="4" />
              </BranchPoints>
              <MethodPoint vc="9" uspid="0" p8:type="SequencePoint" ordinal="0" offset="0" sc="0" sl="77" ec="1" el="95" bec="0" bev="0" fileid="4" xmlns:p8="xsi" />
            </Method>
          </Methods>
        </Class>
        <Class>
          <Summary numSequencePoints="9" visitedSequencePoints="9" numBranchPoints="0" visitedBranchPoints="0" sequenceCoverage="100" branchCoverage="100" maxCyclomaticComplexity="1" minCyclomaticComplexity="1" visitedClasses="1" numClasses="1" visitedMethods="2" numMethods="2" />
          <FullName>MageBackend.Web.Middleware.RequestLoggingMiddleware</FullName>
          <Methods>
            <Method cyclomaticComplexity="1" nPathComplexity="1" sequenceCoverage="100" branchCoverage="100" isConstructor="True" isGetter="False" isSetter="False" isStatic="True">
              <Summary numSequencePoints="4" visitedSequencePoints="4" numBranchPoints="0" visitedBranchPoints="0" sequenceCoverage="100" branchCoverage="100" maxCyclomaticComplexity="1" minCyclomaticComplexity="1" visitedClasses="0" numClasses="0" visitedMethods="1" numMethods="1" />
              <MetadataToken />
              <Name>System.Void MageBackend.Web.Middleware.RequestLoggingMiddleware::.ctor(Microsoft.AspNetCore.Http.RequestDelegate)</Name>
              <FileRef uid="5" />
              <SequencePoints>
                <SequencePoint vc="3" uspid="16" ordinal="0" sl="16" sc="1" el="16" ec="2" bec="0" bev="0" fileid="5" />
                <SequencePoint vc="3" uspid="17" ordinal="1" sl="17" sc="1" el="17" ec="2" bec="0" bev="0" fileid="5" />
                <SequencePoint vc="3" uspid="18" ordinal="2" sl="18" sc="1" el="18" ec="2" bec="0" bev="0" fileid="5" />
                <SequencePoint vc="3" uspid="19" ordinal="3" sl="19" sc="1" el="19" ec="2" bec="0" bev="0" fileid="5" />
              </SequencePoints>
              <BranchPoints />
              <MethodPoint vc="4" uspid="0" p8:type="SequencePoint" ordinal="0" offset="0" sc="0" sl="16" ec="1" el="19" bec="0" bev="0" fileid="5" xmlns:p8="xsi" />
            </Method>
            <Method cyclomaticComplexity="1" nPathComplexity="1" sequenceCoverage="100" branchCoverage="100" isConstructor="True" isGetter="False" isSetter="False" isStatic="True">
              <Summary numSequencePoints="5" visitedSequencePoints="5" numBranchPoints="0" visitedBranchPoints="0" sequenceCoverage="100" branchCoverage="100" maxCyclomaticComplexity="1" minCyclomaticComplexity="1" visitedClasses="0" numClasses="0" visitedMethods="1" numMethods="1" />
              <MetadataToken />
              <Name>System.Void MageBackend.Web.Middleware.RequestLoggingMiddleware::.cctor()</Name>
              <FileRef uid="5" />
              <SequencePoints>
                <SequencePoint vc="1" uspid="10" ordinal="0" sl="10" sc="1" el="10" ec="2" bec="0" bev="0" fileid="5" />
                <SequencePoint vc="1" uspid="11" ordinal="1" sl="11" sc="1" el="11" ec="2" bec="0" bev="0" fileid="5" />
                <SequencePoint vc="1" uspid="12" ordinal="2" sl="12" sc="1" el="12" ec="2" bec="0" bev="0" fileid="5" />
                <SequencePoint vc="1" uspid="13" ordinal="3" sl="13" sc="1" el="13" ec="2" bec="0" bev="0" fileid="5" />
                <SequencePoint vc="1" uspid="14" ordinal="4" sl="14" sc="1" el="14" ec="2" bec="0" bev="0" fileid="5" />
              </SequencePoints>
              <BranchPoints />
              <MethodPoint vc="5" uspid="0" p8:type="SequencePoint" ordinal="1" offset="1" sc="0" sl="10" ec="1" el="14" bec="0" bev="0" fileid="5" xmlns:p8="xsi" />
            </Method>
          </Methods>
        </Class>
        <Class>
          <Summary numSequencePoints="21" visitedSequencePoints="18" numBranchPoints="6" visitedBranchPoints="3" sequenceCoverage="85.71" branchCoverage="50" maxCyclomaticComplexity="6" minCyclomaticComplexity="6" visitedClasses="1" numClasses="1" visitedMethods="1" numMethods="1" />
          <FullName>MageBackend.Web.Middleware.RequestLoggingMiddleware/&lt;InvokeAsync&gt;d__3</FullName>
          <Methods>
            <Method cyclomaticComplexity="6" nPathComplexity="6" sequenceCoverage="85.71" branchCoverage="50" isConstructor="False" isGetter="False" isSetter="False" isStatic="True">
              <Summary numSequencePoints="21" visitedSequencePoints="18" numBranchPoints="6" visitedBranchPoints="3" sequenceCoverage="85.71" branchCoverage="50" maxCyclomaticComplexity="6" minCyclomaticComplexity="6" visitedClasses="0" numClasses="0" visitedMethods="1" numMethods="1" />
              <MetadataToken />
              <Name>System.Void MageBackend.Web.Middleware.RequestLoggingMiddleware/&lt;InvokeAsync&gt;d__3::MoveNext()</Name>
              <FileRef uid="5" />
              <SequencePoints>
                <SequencePoint vc="15" uspid="22" ordinal="0" sl="22" sc="1" el="22" ec="2" bec="0" bev="0" fileid="5" />
                <SequencePoint vc="15" uspid="23" ordinal="1" sl="23" sc="1" el="23" ec="2" bec="2" bev="1" fileid="5" />
                <SequencePoint vc="15" uspid="25" ordinal="2" sl="25" sc="1" el="25" ec="2" bec="2" bev="1" fileid="5" />
                <SequencePoint vc="0" uspid="26" ordinal="3" sl="26" sc="1" el="26" ec="2" bec="0" bev="0" fileid="5" />
                <SequencePoint vc="0" uspid="27" ordinal="4" sl="27" sc="1" el="27" ec="2" bec="0" bev="0" fileid="5" />
                <SequencePoint vc="0" uspid="28" ordinal="5" sl="28" sc="1" el="28" ec="2" bec="0" bev="0" fileid="5" />
                <SequencePoint vc="15" uspid="31" ordinal="6" sl="31" sc="1" el="31" ec="2" bec="0" bev="0" fileid="5" />
                <SequencePoint vc="15" uspid="32" ordinal="7" sl="32" sc="1" el="32" ec="2" bec="2" bev="1" fileid="5" />
                <SequencePoint vc="15" uspid="33" ordinal="8" sl="33" sc="1" el="33" ec="2" bec="0" bev="0" fileid="5" />
                <SequencePoint vc="15" uspid="36" ordinal="9" sl="36" sc="1" el="36" ec="2" bec="0" bev="0" fileid="5" />
                <SequencePoint vc="15" uspid="37" ordinal="10" sl="37" sc="1" el="37" ec="2" bec="0" bev="0" fileid="5" />
                <SequencePoint vc="15" uspid="38" ordinal="11" sl="38" sc="1" el="38" ec="2" bec="0" bev="0" fileid="5" />
                <SequencePoint vc="15" uspid="40" ordinal="12" sl="40" sc="1" el="40" ec="2" bec="0" bev="0" fileid="5" />
                <SequencePoint vc="15" uspid="41" ordinal="13" sl="41" sc="1" el="41" ec="2" bec="0" bev="0" fileid="5" />
                <SequencePoint vc="15" uspid="43" ordinal="14" sl="43" sc="1" el="43" ec="2" bec="0" bev="0" fileid="5" />
                <SequencePoint vc="15" uspid="44" ordinal="15" sl="44" sc="1" el="44" ec="2" bec="0" bev="0" fileid="5" />
                <SequencePoint vc="15" uspid="46" ordinal="16" sl="46" sc="1" el="46" ec="2" bec="0" bev="0" fileid="5" />
                <SequencePoint vc="15" uspid="47" ordinal="17" sl="47" sc="1" el="47" ec="2" bec="0" bev="0" fileid="5" />
                <SequencePoint vc="15" uspid="48" ordinal="18" sl="48" sc="1" el="48" ec="2" bec="0" bev="0" fileid="5" />
                <SequencePoint vc="15" uspid="49" ordinal="19" sl="49" sc="1" el="49" ec="2" bec="0" bev="0" fileid="5" />
                <SequencePoint vc="15" uspid="50" ordinal="20" sl="50" sc="1" el="50" ec="2" bec="0" bev="0" fileid="5" />
              </SequencePoints>
              <BranchPoints>
                <BranchPoint vc="0" uspid="23" ordinal="0" path="0" offset="55" offsetend="57" sl="23" fileid="5" />
                <BranchPoint vc="15" uspid="23" ordinal="1" path="1" offset="55" offsetend="63" sl="23" fileid="5" />
                <BranchPoint vc="0" uspid="25" ordinal="2" path="0" offset="86" offsetend="88" sl="25" fileid="5" />
                <BranchPoint vc="15" uspid="25" ordinal="3" path="1" offset="86" offsetend="207" sl="25" fileid="5" />
                <BranchPoint vc="15" uspid="32" ordinal="4" path="0" offset="255" offsetend="257" sl="32" fileid="5" />
                <BranchPoint vc="0" uspid="32" ordinal="5" path="1" offset="255" offsetend="264" sl="32" fileid="5" />
              </BranchPoints>
              <MethodPoint vc="18" uspid="0" p8:type="SequencePoint" ordinal="0" offset="0" sc="0" sl="22" ec="1" el="50" bec="0" bev="0" fileid="5" xmlns:p8="xsi" />
            </Method>
          </Methods>
        </Class>
        <Class>
          <Summary numSequencePoints="17" visitedSequencePoints="17" numBranchPoints="14" visitedBranchPoints="11" sequenceCoverage="100" branchCoverage="78.57" maxCyclomaticComplexity="10" minCyclomaticComplexity="1" visitedClasses="1" numClasses="1" visitedMethods="3" numMethods="3" />
          <FullName>MageBackend.Web.Middleware.TokenSessionValidationMiddleware</FullName>
          <Methods>
            <Method cyclomaticComplexity="10" nPathComplexity="10" sequenceCoverage="100" branchCoverage="90" isConstructor="False" isGetter="False" isSetter="False" isStatic="True">
              <Summary numSequencePoints="9" visitedSequencePoints="9" numBranchPoints="10" visitedBranchPoints="9" sequenceCoverage="100" branchCoverage="90" maxCyclomaticComplexity="10" minCyclomaticComplexity="10" visitedClasses="0" numClasses="0" visitedMethods="1" numMethods="1" />
              <MetadataToken />
              <Name>System.Boolean MageBackend.Web.Middleware.TokenSessionValidationMiddleware::IsPublicPath(System.String)</Name>
              <FileRef uid="6" />
              <SequencePoints>
                <SequencePoint vc="19" uspid="19" ordinal="0" sl="19" sc="1" el="19" ec="2" bec="0" bev="0" fileid="6" />
                <SequencePoint vc="19" uspid="20" ordinal="1" sl="20" sc="1" el="20" ec="2" bec="2" bev="1" fileid="6" />
                <SequencePoint vc="19" uspid="21" ordinal="2" sl="21" sc="1" el="21" ec="2" bec="0" bev="0" fileid="6" />
                <SequencePoint vc="19" uspid="22" ordinal="3" sl="22" sc="1" el="22" ec="2" bec="8" bev="8" fileid="6" />
                <SequencePoint vc="19" uspid="23" ordinal="4" sl="23" sc="1" el="23" ec="2" bec="0" bev="0" fileid="6" />
                <SequencePoint vc="19" uspid="24" ordinal="5" sl="24" sc="1" el="24" ec="2" bec="0" bev="0" fileid="6" />
                <SequencePoint vc="19" uspid="25" ordinal="6" sl="25" sc="1" el="25" ec="2" bec="0" bev="0" fileid="6" />
                <SequencePoint vc="19" uspid="26" ordinal="7" sl="26" sc="1" el="26" ec="2" bec="0" bev="0" fileid="6" />
                <SequencePoint vc="19" uspid="27" ordinal="8" sl="27" sc="1" el="27" ec="2" bec="0" bev="0" fileid="6" />
              </SequencePoints>
              <BranchPoints>
                <BranchPoint vc="0" uspid="20" ordinal="0" path="0" offset="9" offsetend="11" sl="20" fileid="6" />
                <BranchPoint vc="19" uspid="20" ordinal="1" path="1" offset="9" offsetend="15" sl="20" fileid="6" />
                <BranchPoint vc="18" uspid="22" ordinal="2" path="0" offset="33" offsetend="35" sl="22" fileid="6" />
                <BranchPoint vc="18" uspid="22" ordinal="4" path="0" offset="46" offsetend="48" sl="22" fileid="6" />
                <BranchPoint vc="11" uspid="22" ordinal="6" path="0" offset="59" offsetend="61" sl="22" fileid="6" />
                <BranchPoint vc="9" uspid="22" ordinal="8" path="0" offset="72" offsetend="74" sl="22" fileid="6" />
                <BranchPoint vc="10" uspid="22" ordinal="3" path="1" offset="33" offsetend="87" sl="22" fileid="6" />
                <BranchPoint vc="10" uspid="22" ordinal="5" path="1" offset="46" offsetend="87" sl="22" fileid="6" />
                <BranchPoint vc="10" uspid="22" ordinal="7" path="1" offset="59" offsetend="87" sl="22" fileid="6" />
                <BranchPoint vc="10" uspid="22" ordinal="9" path="1" offset="72" offsetend="87" sl="22" fileid="6" />
              </BranchPoints>
              <MethodPoint vc="9" uspid="0" p8:type="SequencePoint" ordinal="0" offset="0" sc="0" sl="19" ec="1" el="27" bec="0" bev="0" fileid="6" xmlns:p8="xsi" />
            </Method>
            <Method cyclomaticComplexity="4" nPathComplexity="4" sequenceCoverage="100" branchCoverage="50" isConstructor="False" isGetter="False" isSetter="False" isStatic="True">
              <Summary numSequencePoints="4" visitedSequencePoints="4" numBranchPoints="4" visitedBranchPoints="2" sequenceCoverage="100" branchCoverage="50" maxCyclomaticComplexity="4" minCyclomaticComplexity="4" visitedClasses="0" numClasses="0" visitedMethods="1" numMethods="1" />
              <MetadataToken />
              <Name>System.Int32 MageBackend.Web.Middleware.TokenSessionValidationMiddleware::ParseTokenVersion(System.String)</Name>
              <FileRef uid="6" />
              <SequencePoints>
                <SequencePoint vc="4" uspid="66" ordinal="0" sl="66" sc="1" el="66" ec="2" bec="0" bev="0" fileid="6" />
                <SequencePoint vc="4" uspid="67" ordinal="1" sl="67" sc="1" el="67" ec="2" bec="2" bev="1" fileid="6" />
                <SequencePoint vc="4" uspid="68" ordinal="2" sl="68" sc="1" el="68" ec="2" bec="2" bev="1" fileid="6" />
                <SequencePoint vc="4" uspid="69" ordinal="3" sl="69" sc="1" el="69" ec="2" bec="0" bev="0" fileid="6" />
              </SequencePoints>
              <BranchPoints>
                <BranchPoint vc="0" uspid="67" ordinal="0" path="0" offset="9" offsetend="11" sl="67" fileid="6" />
                <BranchPoint vc="4" uspid="67" ordinal="1" path="1" offset="9" offsetend="15" sl="67" fileid="6" />
                <BranchPoint vc="0" uspid="68" ordinal="2" path="0" offset="23" offsetend="25" sl="68" fileid="6" />
                <BranchPoint vc="4" uspid="68" ordinal="3" path="1" offset="23" offsetend="28" sl="68" fileid="6" />
              </BranchPoints>
              <MethodPoint vc="4" uspid="0" p8:type="SequencePoint" ordinal="1" offset="1" sc="0" sl="66" ec="1" el="69" bec="0" bev="0" fileid="6" xmlns:p8="xsi" />
            </Method>
            <Method cyclomaticComplexity="1" nPathComplexity="1" sequenceCoverage="100" branchCoverage="100" isConstructor="True" isGetter="False" isSetter="False" isStatic="True">
              <Summary numSequencePoints="4" visitedSequencePoints="4" numBranchPoints="0" visitedBranchPoints="0" sequenceCoverage="100" branchCoverage="100" maxCyclomaticComplexity="1" minCyclomaticComplexity="1" visitedClasses="0" numClasses="0" visitedMethods="1" numMethods="1" />
              <MetadataToken />
              <Name>System.Void MageBackend.Web.Middleware.TokenSessionValidationMiddleware::.ctor(Microsoft.AspNetCore.Http.RequestDelegate)</Name>
              <FileRef uid="6" />
              <SequencePoints>
                <SequencePoint vc="7" uspid="13" ordinal="0" sl="13" sc="1" el="13" ec="2" bec="0" bev="0" fileid="6" />
                <SequencePoint vc="7" uspid="14" ordinal="1" sl="14" sc="1" el="14" ec="2" bec="0" bev="0" fileid="6" />
                <SequencePoint vc="7" uspid="15" ordinal="2" sl="15" sc="1" el="15" ec="2" bec="0" bev="0" fileid="6" />
                <SequencePoint vc="7" uspid="16" ordinal="3" sl="16" sc="1" el="16" ec="2" bec="0" bev="0" fileid="6" />
              </SequencePoints>
              <BranchPoints />
              <MethodPoint vc="4" uspid="0" p8:type="SequencePoint" ordinal="2" offset="2" sc="0" sl="13" ec="1" el="16" bec="0" bev="0" fileid="6" xmlns:p8="xsi" />
            </Method>
          </Methods>
        </Class>
        <Class>
          <Summary numSequencePoints="24" visitedSequencePoints="21" numBranchPoints="16" visitedBranchPoints="11" sequenceCoverage="87.5" branchCoverage="68.75" maxCyclomaticComplexity="16" minCyclomaticComplexity="16" visitedClasses="1" numClasses="1" visitedMethods="1" numMethods="1" />
          <FullName>MageBackend.Web.Middleware.TokenSessionValidationMiddleware/&lt;InvokeAsync&gt;d__3</FullName>
          <Methods>
            <Method cyclomaticComplexity="16" nPathComplexity="16" sequenceCoverage="87.5" branchCoverage="68.75" isConstructor="False" isGetter="False" isSetter="False" isStatic="True">
              <Summary numSequencePoints="24" visitedSequencePoints="21" numBranchPoints="16" visitedBranchPoints="11" sequenceCoverage="87.5" branchCoverage="68.75" maxCyclomaticComplexity="16" minCyclomaticComplexity="16" visitedClasses="0" numClasses="0" visitedMethods="1" numMethods="1" />
              <MetadataToken />
              <Name>System.Void MageBackend.Web.Middleware.TokenSessionValidationMiddleware/&lt;InvokeAsync&gt;d__3::MoveNext()</Name>
              <FileRef uid="6" />
              <SequencePoints>
                <SequencePoint vc="19" uspid="30" ordinal="0" sl="30" sc="1" el="30" ec="2" bec="0" bev="0" fileid="6" />
                <SequencePoint vc="19" uspid="31" ordinal="1" sl="31" sc="1" el="31" ec="2" bec="2" bev="2" fileid="6" />
                <SequencePoint vc="12" uspid="32" ordinal="2" sl="32" sc="1" el="32" ec="2" bec="0" bev="0" fileid="6" />
                <SequencePoint vc="12" uspid="33" ordinal="3" sl="33" sc="1" el="33" ec="2" bec="0" bev="0" fileid="6" />
                <SequencePoint vc="12" uspid="34" ordinal="4" sl="34" sc="1" el="34" ec="2" bec="0" bev="0" fileid="6" />
                <SequencePoint vc="7" uspid="37" ordinal="5" sl="37" sc="1" el="37" ec="2" bec="4" bev="3" fileid="6" />
[...]
          <FullName>MageBackend.Database.DbInitializer/&lt;&gt;c</FullName>
          <Methods>
            <Method cyclomaticComplexity="1" nPathComplexity="1" sequenceCoverage="100" branchCoverage="100" isConstructor="False" isGetter="False" isSetter="False" isStatic="True">
              <Summary numSequencePoints="1" visitedSequencePoints="1" numBranchPoints="0" visitedBranchPoints="0" sequenceCoverage="100" branchCoverage="100" maxCyclomaticComplexity="1" minCyclomaticComplexity="1" visitedClasses="0" numClasses="0" visitedMethods="1" numMethods="1" />
              <MetadataToken />
              <Name>MageBackend.Database.RoleFeature MageBackend.Database.DbInitializer/&lt;&gt;c::&lt;InitializeAsync&gt;b__0_0(System.String)</Name>
              <FileRef uid="24" />
              <SequencePoints>
                <SequencePoint vc="6" uspid="52" ordinal="0" sl="52" sc="1" el="52" ec="2" bec="0" bev="0" fileid="24" />
              </SequencePoints>
              <BranchPoints />
              <MethodPoint vc="1" uspid="0" p8:type="SequencePoint" ordinal="0" offset="0" sc="0" sl="52" ec="1" el="52" bec="0" bev="0" fileid="24" xmlns:p8="xsi" />
            </Method>
          </Methods>
        </Class>
        <Class>
          <Summary numSequencePoints="75" visitedSequencePoints="75" numBranchPoints="10" visitedBranchPoints="10" sequenceCoverage="100" branchCoverage="100" maxCyclomaticComplexity="10" minCyclomaticComplexity="10" visitedClasses="1" numClasses="1" visitedMethods="1" numMethods="1" />
          <FullName>MageBackend.Database.DbInitializer/&lt;InitializeAsync&gt;d__0</FullName>
          <Methods>
            <Method cyclomaticComplexity="10" nPathComplexity="10" sequenceCoverage="100" branchCoverage="100" isConstructor="False" isGetter="False" isSetter="False" isStatic="True">
              <Summary numSequencePoints="75" visitedSequencePoints="75" numBranchPoints="10" visitedBranchPoints="10" sequenceCoverage="100" branchCoverage="100" maxCyclomaticComplexity="10" minCyclomaticComplexity="10" visitedClasses="0" numClasses="0" visitedMethods="1" numMethods="1" />
              <MetadataToken />
              <Name>System.Void MageBackend.Database.DbInitializer/&lt;InitializeAsync&gt;d__0::MoveNext()</Name>
              <FileRef uid="24" />
              <SequencePoints>
                <SequencePoint vc="1" uspid="12" ordinal="0" sl="12" sc="1" el="12" ec="2" bec="0" bev="0" fileid="24" />
                <SequencePoint vc="1" uspid="17" ordinal="1" sl="17" sc="1" el="17" ec="2" bec="0" bev="0" fileid="24" />
                <SequencePoint vc="1" uspid="20" ordinal="2" sl="20" sc="1" el="20" ec="2" bec="2" bev="2" fileid="24" />
                <SequencePoint vc="1" uspid="21" ordinal="3" sl="21" sc="1" el="21" ec="2" bec="0" bev="0" fileid="24" />
                <SequencePoint vc="1" uspid="22" ordinal="4" sl="22" sc="1" el="22" ec="2" bec="0" bev="0" fileid="24" />
                <SequencePoint vc="1" uspid="23" ordinal="5" sl="23" sc="1" el="23" ec="2" bec="0" bev="0" fileid="24" />
                <SequencePoint vc="1" uspid="24" ordinal="6" sl="24" sc="1" el="24" ec="2" bec="0" bev="0" fileid="24" />
                <SequencePoint vc="1" uspid="25" ordinal="7" sl="25" sc="1" el="25" ec="2" bec="0" bev="0" fileid="24" />
                <SequencePoint vc="1" uspid="26" ordinal="8" sl="26" sc="1" el="26" ec="2" bec="0" bev="0" fileid="24" />
                <SequencePoint vc="1" uspid="27" ordinal="9" sl="27" sc="1" el="27" ec="2" bec="0" bev="0" fileid="24" />
                <SequencePoint vc="1" uspid="28" ordinal="10" sl="28" sc="1" el="28" ec="2" bec="0" bev="0" fileid="24" />
                <SequencePoint vc="1" uspid="29" ordinal="11" sl="29" sc="1" el="29" ec="2" bec="0" bev="0" fileid="24" />
                <SequencePoint vc="1" uspid="31" ordinal="12" sl="31" sc="1" el="31" ec="2" bec="0" bev="0" fileid="24" />
                <SequencePoint vc="1" uspid="32" ordinal="13" sl="32" sc="1" el="32" ec="2" bec="0" bev="0" fileid="24" />
                <SequencePoint vc="1" uspid="33" ordinal="14" sl="33" sc="1" el="33" ec="2" bec="0" bev="0" fileid="24" />
                <SequencePoint vc="1" uspid="36" ordinal="15" sl="36" sc="1" el="36" ec="2" bec="2" bev="2" fileid="24" />
                <SequencePoint vc="1" uspid="37" ordinal="16" sl="37" sc="1" el="37" ec="2" bec="0" bev="0" fileid="24" />
                <SequencePoint vc="1" uspid="38" ordinal="17" sl="38" sc="1" el="38" ec="2" bec="0" bev="0" fileid="24" />
                <SequencePoint vc="1" uspid="39" ordinal="18" sl="39" sc="1" el="39" ec="2" bec="0" bev="0" fileid="24" />
                <SequencePoint vc="1" uspid="40" ordinal="19" sl="40" sc="1" el="40" ec="2" bec="0" bev="0" fileid="24" />
                <SequencePoint vc="1" uspid="42" ordinal="20" sl="42" sc="1" el="42" ec="2" bec="0" bev="0" fileid="24" />
                <SequencePoint vc="1" uspid="43" ordinal="21" sl="43" sc="1" el="43" ec="2" bec="0" bev="0" fileid="24" />
                <SequencePoint vc="1" uspid="46" ordinal="22" sl="46" sc="1" el="46" ec="2" bec="0" bev="0" fileid="24" />
                <SequencePoint vc="1" uspid="47" ordinal="23" sl="47" sc="1" el="47" ec="2" bec="0" bev="0" fileid="24" />
                <SequencePoint vc="1" uspid="48" ordinal="24" sl="48" sc="1" el="48" ec="2" bec="0" bev="0" fileid="24" />
                <SequencePoint vc="1" uspid="49" ordinal="25" sl="49" sc="1" el="49" ec="2" bec="0" bev="0" fileid="24" />
                <SequencePoint vc="1" uspid="50" ordinal="26" sl="50" sc="1" el="50" ec="2" bec="0" bev="0" fileid="24" />
                <SequencePoint vc="1" uspid="51" ordinal="27" sl="51" sc="1" el="51" ec="2" bec="0" bev="0" fileid="24" />
                <SequencePoint vc="1" uspid="55" ordinal="28" sl="55" sc="1" el="55" ec="2" bec="0" bev="0" fileid="24" />
                <SequencePoint vc="1" uspid="56" ordinal="29" sl="56" sc="1" el="56" ec="2" bec="0" bev="0" fileid="24" />
                <SequencePoint vc="1" uspid="57" ordinal="30" sl="57" sc="1" el="57" ec="2" bec="0" bev="0" fileid="24" />
                <SequencePoint vc="1" uspid="58" ordinal="31" sl="58" sc="1" el="58" ec="2" bec="0" bev="0" fileid="24" />
                <SequencePoint vc="1" uspid="59" ordinal="32" sl="59" sc="1" el="59" ec="2" bec="0" bev="0" fileid="24" />
                <SequencePoint vc="1" uspid="60" ordinal="33" sl="60" sc="1" el="60" ec="2" bec="0" bev="0" fileid="24" />
                <SequencePoint vc="1" uspid="61" ordinal="34" sl="61" sc="1" el="61" ec="2" bec="0" bev="0" fileid="24" />
                <SequencePoint vc="1" uspid="64" ordinal="35" sl="64" sc="1" el="64" ec="2" bec="0" bev="0" fileid="24" />
                <SequencePoint vc="1" uspid="65" ordinal="36" sl="65" sc="1" el="65" ec="2" bec="0" bev="0" fileid="24" />
                <SequencePoint vc="1" uspid="66" ordinal="37" sl="66" sc="1" el="66" ec="2" bec="0" bev="0" fileid="24" />
                <SequencePoint vc="1" uspid="67" ordinal="38" sl="67" sc="1" el="67" ec="2" bec="0" bev="0" fileid="24" />
                <SequencePoint vc="1" uspid="68" ordinal="39" sl="68" sc="1" el="68" ec="2" bec="0" bev="0" fileid="24" />
                <SequencePoint vc="1" uspid="69" ordinal="40" sl="69" sc="1" el="69" ec="2" bec="0" bev="0" fileid="24" />
                <SequencePoint vc="1" uspid="70" ordinal="41" sl="70" sc="1" el="70" ec="2" bec="0" bev="0" fileid="24" />
                <SequencePoint vc="1" uspid="72" ordinal="42" sl="72" sc="1" el="72" ec="2" bec="0" bev="0" fileid="24" />
                <SequencePoint vc="1" uspid="73" ordinal="43" sl="73" sc="1" el="73" ec="2" bec="0" bev="0" fileid="24" />
                <SequencePoint vc="1" uspid="74" ordinal="44" sl="74" sc="1" el="74" ec="2" bec="0" bev="0" fileid="24" />
                <SequencePoint vc="1" uspid="75" ordinal="45" sl="75" sc="1" el="75" ec="2" bec="0" bev="0" fileid="24" />
                <SequencePoint vc="1" uspid="76" ordinal="46" sl="76" sc="1" el="76" ec="2" bec="0" bev="0" fileid="24" />
                <SequencePoint vc="1" uspid="79" ordinal="47" sl="79" sc="1" el="79" ec="2" bec="2" bev="2" fileid="24" />
                <SequencePoint vc="1" uspid="80" ordinal="48" sl="80" sc="1" el="80" ec="2" bec="2" bev="2" fileid="24" />
                <SequencePoint vc="1" uspid="82" ordinal="49" sl="82" sc="1" el="82" ec="2" bec="0" bev="0" fileid="24" />
                <SequencePoint vc="1" uspid="83" ordinal="50" sl="83" sc="1" el="83" ec="2" bec="2" bev="2" fileid="24" />
                <SequencePoint vc="1" uspid="84" ordinal="51" sl="84" sc="1" el="84" ec="2" bec="0" bev="0" fileid="24" />
                <SequencePoint vc="1" uspid="85" ordinal="52" sl="85" sc="1" el="85" ec="2" bec="0" bev="0" fileid="24" />
                <SequencePoint vc="1" uspid="87" ordinal="53" sl="87" sc="1" el="87" ec="2" bec="0" bev="0" fileid="24" />
                <SequencePoint vc="1" uspid="88" ordinal="54" sl="88" sc="1" el="88" ec="2" bec="0" bev="0" fileid="24" />
                <SequencePoint vc="1" uspid="89" ordinal="55" sl="89" sc="1" el="89" ec="2" bec="0" bev="0" fileid="24" />
                <SequencePoint vc="1" uspid="90" ordinal="56" sl="90" sc="1" el="90" ec="2" bec="0" bev="0" fileid="24" />
                <SequencePoint vc="1" uspid="91" ordinal="57" sl="91" sc="1" el="91" ec="2" bec="0" bev="0" fileid="24" />
                <SequencePoint vc="1" uspid="92" ordinal="58" sl="92" sc="1" el="92" ec="2" bec="0" bev="0" fileid="24" />
                <SequencePoint vc="1" uspid="93" ordinal="59" sl="93" sc="1" el="93" ec="2" bec="0" bev="0" fileid="24" />
                <SequencePoint vc="1" uspid="95" ordinal="60" sl="95" sc="1" el="95" ec="2" bec="0" bev="0" fileid="24" />
                <SequencePoint vc="1" uspid="96" ordinal="61" sl="96" sc="1" el="96" ec="2" bec="0" bev="0" fileid="24" />
                <SequencePoint vc="1" uspid="97" ordinal="62" sl="97" sc="1" el="97" ec="2" bec="0" bev="0" fileid="24" />
                <SequencePoint vc="1" uspid="98" ordinal="63" sl="98" sc="1" el="98" ec="2" bec="0" bev="0" fileid="24" />
                <SequencePoint vc="1" uspid="99" ordinal="64" sl="99" sc="1" el="99" ec="2" bec="0" bev="0" fileid="24" />
                <SequencePoint vc="1" uspid="100" ordinal="65" sl="100" sc="1" el="100" ec="2" bec="0" bev="0" fileid="24" />
                <SequencePoint vc="1" uspid="101" ordinal="66" sl="101" sc="1" el="101" ec="2" bec="0" bev="0" fileid="24" />
                <SequencePoint vc="1" uspid="102" ordinal="67" sl="102" sc="1" el="102" ec="2" bec="0" bev="0" fileid="24" />
                <SequencePoint vc="1" uspid="103" ordinal="68" sl="103" sc="1" el="103" ec="2" bec="0" bev="0" fileid="24" />
                <SequencePoint vc="1" uspid="105" ordinal="69" sl="105" sc="1" el="105" ec="2" bec="0" bev="0" fileid="24" />
                <SequencePoint vc="1" uspid="106" ordinal="70" sl="106" sc="1" el="106" ec="2" bec="0" bev="0" fileid="24" />
                <SequencePoint vc="1" uspid="107" ordinal="71" sl="107" sc="1" el="107" ec="2" bec="0" bev="0" fileid="24" />
                <SequencePoint vc="1" uspid="109" ordinal="72" sl="109" sc="1" el="109" ec="2" bec="0" bev="0" fileid="24" />
                <SequencePoint vc="1" uspid="110" ordinal="73" sl="110" sc="1" el="110" ec="2" bec="0" bev="0" fileid="24" />
                <SequencePoint vc="1" uspid="111" ordinal="74" sl="111" sc="1" el="111" ec="2" bec="0" bev="0" fileid="24" />
              </SequencePoints>
              <BranchPoints>
                <BranchPoint vc="1" uspid="20" ordinal="0" path="0" offset="422" offsetend="427" sl="20" fileid="24" />
                <BranchPoint vc="1" uspid="20" ordinal="1" path="1" offset="422" offsetend="896" sl="20" fileid="24" />
                <BranchPoint vc="1" uspid="36" ordinal="2" path="0" offset="1032" offsetend="1037" sl="36" fileid="24" />
                <BranchPoint vc="1" uspid="36" ordinal="3" path="1" offset="1032" offsetend="2986" sl="36" fileid="24" />
                <BranchPoint vc="1" uspid="79" ordinal="4" path="0" offset="3003" offsetend="3005" sl="79" fileid="24" />
                <BranchPoint vc="1" uspid="79" ordinal="5" path="1" offset="3003" offsetend="3011" sl="79" fileid="24" />
                <BranchPoint vc="1" uspid="80" ordinal="6" path="0" offset="3028" offsetend="3030" sl="80" fileid="24" />
                <BranchPoint vc="1" uspid="80" ordinal="7" path="1" offset="3028" offsetend="3036" sl="80" fileid="24" />
                <BranchPoint vc="1" uspid="83" ordinal="8" path="0" offset="3298" offsetend="3303" sl="83" fileid="24" />
                <BranchPoint vc="1" uspid="83" ordinal="9" path="1" offset="3298" offsetend="3913" sl="83" fileid="24" />
              </BranchPoints>
              <MethodPoint vc="75" uspid="0" p8:type="SequencePoint" ordinal="0" offset="0" sc="0" sl="12" ec="1" el="111" bec="0" bev="0" fileid="24" xmlns:p8="xsi" />
            </Method>
          </Methods>
        </Class>
        <Class>
          <Summary numSequencePoints="6" visitedSequencePoints="6" numBranchPoints="0" visitedBranchPoints="0" sequenceCoverage="100" branchCoverage="100" maxCyclomaticComplexity="1" minCyclomaticComplexity="1" visitedClasses="1" numClasses="1" visitedMethods="6" numMethods="6" />
          <FullName>MageBackend.Database.ErrorLog</FullName>
          <Methods>
            <Method cyclomaticComplexity="1" nPathComplexity="1" sequenceCoverage="100" branchCoverage="100" isConstructor="False" isGetter="True" isSetter="False" isStatic="True">
              <Summary numSequencePoints="1" visitedSequencePoints="1" numBranchPoints="0" visitedBranchPoints="0" sequenceCoverage="100" branchCoverage="100" maxCyclomaticComplexity="1" minCyclomaticComplexity="1" visitedClasses="0" numClasses="0" visitedMethods="1" numMethods="1" />
              <MetadataToken />
              <Name>System.String MageBackend.Database.ErrorLog::get_Id()</Name>
              <FileRef uid="25" />
              <SequencePoints>
                <SequencePoint vc="2" uspid="128" ordinal="0" sl="128" sc="1" el="128" ec="2" bec="0" bev="0" fileid="25" />
              </SequencePoints>
              <BranchPoints />
              <MethodPoint vc="1" uspid="0" p8:type="SequencePoint" ordinal="0" offset="0" sc="0" sl="128" ec="1" el="128" bec="0" bev="0" fileid="25" xmlns:p8="xsi" />
            </Method>
            <Method cyclomaticComplexity="1" nPathComplexity="1" sequenceCoverage="100" branchCoverage="100" isConstructor="False" isGetter="True" isSetter="False" isStatic="True">
              <Summary numSequencePoints="1" visitedSequencePoints="1" numBranchPoints="0" visitedBranchPoints="0" sequenceCoverage="100" branchCoverage="100" maxCyclomaticComplexity="1" minCyclomaticComplexity="1" visitedClasses="0" numClasses="0" visitedMethods="1" numMethods="1" />
              <MetadataToken />
              <Name>System.String MageBackend.Database.ErrorLog::get_IdUser()</Name>
              <FileRef uid="25" />
              <SequencePoints>
                <SequencePoint vc="2" uspid="129" ordinal="0" sl="129" sc="1" el="129" ec="2" bec="0" bev="0" fileid="25" />
              </SequencePoints>
              <BranchPoints />
              <MethodPoint vc="1" uspid="0" p8:type="SequencePoint" ordinal="1" offset="1" sc="0" sl="129" ec="1" el="129" bec="0" bev="0" fileid="25" xmlns:p8="xsi" />
            </Method>
            <Method cyclomaticComplexity="1" nPathComplexity="1" sequenceCoverage="100" branchCoverage="100" isConstructor="False" isGetter="True" isSetter="False" isStatic="True">
              <Summary numSequencePoints="1" visitedSequencePoints="1" numBranchPoints="0" visitedBranchPoints="0" sequenceCoverage="100" branchCoverage="100" maxCyclomaticComplexity="1" minCyclomaticComplexity="1" visitedClasses="0" numClasses="0" visitedMethods="1" numMethods="1" />
              <MetadataToken />
              <Name>System.String MageBackend.Database.ErrorLog::get_Source()</Name>
              <FileRef uid="25" />
              <SequencePoints>
                <SequencePoint vc="2" uspid="130" ordinal="0" sl="130" sc="1" el="130" ec="2" bec="0" bev="0" fileid="25" />
              </SequencePoints>
              <BranchPoints />
              <MethodPoint vc="1" uspid="0" p8:type="SequencePoint" ordinal="2" offset="2" sc="0" sl="130" ec="1" el="130" bec="0" bev="0" fileid="25" xmlns:p8="xsi" />
            </Method>
            <Method cyclomaticComplexity="1" nPathComplexity="1" sequenceCoverage="100" branchCoverage="100" isConstructor="False" isGetter="True" isSetter="False" isStatic="True">
              <Summary numSequencePoints="1" visitedSequencePoints="1" numBranchPoints="0" visitedBranchPoints="0" sequenceCoverage="100" branchCoverage="100" maxCyclomaticComplexity="1" minCyclomaticComplexity="1" visitedClasses="0" numClasses="0" visitedMethods="1" numMethods="1" />
              <MetadataToken />
              <Name>System.String MageBackend.Database.ErrorLog::get_ErrorMessage()</Name>
              <FileRef uid="25" />
              <SequencePoints>
                <SequencePoint vc="2" uspid="131" ordinal="0" sl="131" sc="1" el="131" ec="2" bec="0" bev="0" fileid="25" />
              </SequencePoints>
              <BranchPoints />
              <MethodPoint vc="1" uspid="0" p8:type="SequencePoint" ordinal="3" offset="3" sc="0" sl="131" ec="1" el="131" bec="0" bev="0" fileid="25" xmlns:p8="xsi" />
            </Method>
            <Method cyclomaticComplexity="1" nPathComplexity="1" sequenceCoverage="100" branchCoverage="100" isConstructor="False" isGetter="True" isSetter="False" isStatic="True">
              <Summary numSequencePoints="1" visitedSequencePoints="1" numBranchPoints="0" visitedBranchPoints="0" sequenceCoverage="100" branchCoverage="100" maxCyclomaticComplexity="1" minCyclomaticComplexity="1" visitedClasses="0" numClasses="0" visitedMethods="1" numMethods="1" />
              <MetadataToken />
              <Name>System.String MageBackend.Database.ErrorLog::get_ErrorData()</Name>
              <FileRef uid="25" />
              <SequencePoints>
                <SequencePoint vc="2" uspid="132" ordinal="0" sl="132" sc="1" el="132" ec="2" bec="0" bev="0" fileid="25" />
              </SequencePoints>
              <BranchPoints />
              <MethodPoint vc="1" uspid="0" p8:type="SequencePoint" ordinal="4" offset="4" sc="0" sl="132" ec="1" el="132" bec="0" bev="0" fileid="25" xmlns:p8="xsi" />
            </Method>
            <Method cyclomaticComplexity="1" nPathComplexity="1" sequenceCoverage="100" branchCoverage="100" isConstructor="False" isGetter="True" isSetter="False" isStatic="True">
              <Summary numSequencePoints="1" visitedSequencePoints="1" numBranchPoints="0" visitedBranchPoints="0" sequenceCoverage="100" branchCoverage="100" maxCyclomaticComplexity="1" minCyclomaticComplexity="1" visitedClasses="0" numClasses="0" visitedMethods="1" numMethods="1" />
              <MetadataToken />
              <Name>System.DateTime MageBackend.Database.ErrorLog::get_CreatedAt()</Name>
              <FileRef uid="25" />
              <SequencePoints>
                <SequencePoint vc="4" uspid="133" ordinal="0" sl="133" sc="1" el="133" ec="2" bec="0" bev="0" fileid="25" />
              </SequencePoints>
              <BranchPoints />
              <MethodPoint vc="1" uspid="0" p8:type="SequencePoint" ordinal="5" offset="5" sc="0" sl="133" ec="1" el="133" bec="0" bev="0" fileid="25" xmlns:p8="xsi" />
            </Method>
          </Methods>
        </Class>
      </Classes>
    </Module>
  </Modules>
</CoverageSession>